{"/Users/elizabethcarrsco/Documents/MoodMusicApp/nextjs-boilerplate/ai_project/mood-music-recommender/src/app/layout.tsx": {"path":"/Users/elizabethcarrsco/Documents/MoodMusicApp/nextjs-boilerplate/ai_project/mood-music-recommender/src/app/layout.tsx","statementMap":{"0":{"start":{"line":9,"column":24},"end":{"line":9,"column":35}},"1":{"start":{"line":4,"column":13},"end":{"line":4,"column":21}},"2":{"start":{"line":2,"column":7},"end":{"line":2,"column":null}},"3":{"start":{"line":4,"column":34},"end":{"line":7,"column":null}}},"fnMap":{"0":{"name":"RootLayout","decl":{"start":{"line":9,"column":24},"end":{"line":9,"column":35}},"loc":{"start":{"line":13,"column":1},"end":{"line":19,"column":1}}}},"branchMap":{},"s":{"0":0,"1":0,"2":0,"3":0},"f":{"0":0},"b":{}}
,"/Users/elizabethcarrsco/Documents/MoodMusicApp/nextjs-boilerplate/ai_project/mood-music-recommender/src/app/page.tsx": {"path":"/Users/elizabethcarrsco/Documents/MoodMusicApp/nextjs-boilerplate/ai_project/mood-music-recommender/src/app/page.tsx","statementMap":{"0":{"start":{"line":174,"column":24},"end":{"line":174,"column":null}},"1":{"start":{"line":3,"column":44},"end":{"line":3,"column":null}},"2":{"start":{"line":4,"column":25},"end":{"line":4,"column":null}},"3":{"start":{"line":5,"column":24},"end":{"line":5,"column":null}},"4":{"start":{"line":34,"column":17},"end":{"line":34,"column":null}},"5":{"start":{"line":36,"column":4},"end":{"line":42,"column":null}},"6":{"start":{"line":44,"column":4},"end":{"line":51,"column":null}},"7":{"start":{"line":53,"column":4},"end":{"line":60,"column":null}},"8":{"start":{"line":71,"column":18},"end":{"line":71,"column":null}},"9":{"start":{"line":79,"column":4},"end":{"line":81,"column":null}},"10":{"start":{"line":80,"column":6},"end":{"line":80,"column":null}},"11":{"start":{"line":84,"column":6},"end":{"line":91,"column":null}},"12":{"start":{"line":93,"column":4},"end":{"line":100,"column":null}},"13":{"start":{"line":102,"column":4},"end":{"line":109,"column":null}},"14":{"start":{"line":111,"column":4},"end":{"line":118,"column":null}},"15":{"start":{"line":120,"column":4},"end":{"line":126,"column":null}},"16":{"start":{"line":128,"column":4},"end":{"line":130,"column":null}},"17":{"start":{"line":129,"column":6},"end":{"line":129,"column":null}},"18":{"start":{"line":132,"column":4},"end":{"line":139,"column":null}},"19":{"start":{"line":141,"column":4},"end":{"line":141,"column":null}},"20":{"start":{"line":145,"column":4},"end":{"line":145,"column":null}},"21":{"start":{"line":149,"column":45},"end":{"line":149,"column":null}},"22":{"start":{"line":151,"column":4},"end":{"line":153,"column":null}},"23":{"start":{"line":152,"column":6},"end":{"line":152,"column":null}},"24":{"start":{"line":155,"column":4},"end":{"line":171,"column":null}},"25":{"start":{"line":156,"column":23},"end":{"line":162,"column":null}},"26":{"start":{"line":157,"column":8},"end":{"line":161,"column":null}},"27":{"start":{"line":164,"column":6},"end":{"line":168,"column":null}},"28":{"start":{"line":170,"column":6},"end":{"line":170,"column":null}},"29":{"start":{"line":175,"column":30},"end":{"line":175,"column":null}},"30":{"start":{"line":176,"column":37},"end":{"line":176,"column":null}},"31":{"start":{"line":177,"column":42},"end":{"line":177,"column":null}},"32":{"start":{"line":178,"column":30},"end":{"line":178,"column":null}},"33":{"start":{"line":179,"column":52},"end":{"line":179,"column":null}},"34":{"start":{"line":180,"column":32},"end":{"line":180,"column":null}},"35":{"start":{"line":181,"column":28},"end":{"line":181,"column":null}},"36":{"start":{"line":182,"column":46},"end":{"line":182,"column":null}},"37":{"start":{"line":183,"column":48},"end":{"line":183,"column":null}},"38":{"start":{"line":184,"column":40},"end":{"line":184,"column":null}},"39":{"start":{"line":185,"column":44},"end":{"line":185,"column":null}},"40":{"start":{"line":186,"column":38},"end":{"line":187,"column":null}},"41":{"start":{"line":187,"column":4},"end":{"line":187,"column":null}},"42":{"start":{"line":189,"column":54},"end":{"line":189,"column":null}},"43":{"start":{"line":191,"column":2},"end":{"line":197,"column":null}},"44":{"start":{"line":192,"column":23},"end":{"line":194,"column":null}},"45":{"start":{"line":193,"column":6},"end":{"line":193,"column":null}},"46":{"start":{"line":196,"column":4},"end":{"line":196,"column":null}},"47":{"start":{"line":196,"column":17},"end":{"line":196,"column":null}},"48":{"start":{"line":199,"column":2},"end":{"line":224,"column":null}},"49":{"start":{"line":200,"column":30},"end":{"line":221,"column":null}},"50":{"start":{"line":201,"column":22},"end":{"line":201,"column":null}},"51":{"start":{"line":202,"column":6},"end":{"line":202,"column":null}},"52":{"start":{"line":204,"column":6},"end":{"line":207,"column":null}},"53":{"start":{"line":205,"column":8},"end":{"line":205,"column":null}},"54":{"start":{"line":206,"column":8},"end":{"line":206,"column":null}},"55":{"start":{"line":209,"column":6},"end":{"line":220,"column":null}},"56":{"start":{"line":210,"column":25},"end":{"line":210,"column":null}},"57":{"start":{"line":211,"column":8},"end":{"line":214,"column":null}},"58":{"start":{"line":212,"column":10},"end":{"line":212,"column":null}},"59":{"start":{"line":213,"column":10},"end":{"line":213,"column":null}},"60":{"start":{"line":216,"column":44},"end":{"line":216,"column":null}},"61":{"start":{"line":217,"column":8},"end":{"line":217,"column":null}},"62":{"start":{"line":219,"column":8},"end":{"line":219,"column":null}},"63":{"start":{"line":223,"column":4},"end":{"line":223,"column":null}},"64":{"start":{"line":226,"column":2},"end":{"line":299,"column":null}},"65":{"start":{"line":227,"column":36},"end":{"line":296,"column":null}},"66":{"start":{"line":228,"column":6},"end":{"line":228,"column":null}},"67":{"start":{"line":228,"column":77},"end":{"line":228,"column":null}},"68":{"start":{"line":230,"column":6},"end":{"line":230,"column":null}},"69":{"start":{"line":232,"column":6},"end":{"line":232,"column":null}},"70":{"start":{"line":234,"column":6},"end":{"line":295,"column":null}},"71":{"start":{"line":236,"column":24},"end":{"line":236,"column":null}},"72":{"start":{"line":237,"column":8},"end":{"line":239,"column":null}},"73":{"start":{"line":238,"column":10},"end":{"line":238,"column":null}},"74":{"start":{"line":242,"column":26},"end":{"line":242,"column":null}},"75":{"start":{"line":243,"column":8},"end":{"line":253,"column":null}},"76":{"start":{"line":244,"column":10},"end":{"line":252,"column":null}},"77":{"start":{"line":245,"column":29},"end":{"line":245,"column":null}},"78":{"start":{"line":246,"column":12},"end":{"line":249,"column":null}},"79":{"start":{"line":247,"column":50},"end":{"line":247,"column":null}},"80":{"start":{"line":248,"column":14},"end":{"line":248,"column":null}},"81":{"start":{"line":256,"column":41},"end":{"line":256,"column":null}},"82":{"start":{"line":256,"column":47},"end":{"line":256,"column":null}},"83":{"start":{"line":257,"column":32},"end":{"line":263,"column":null}},"84":{"start":{"line":265,"column":29},"end":{"line":265,"column":null}},"85":{"start":{"line":268,"column":23},"end":{"line":272,"column":null}},"86":{"start":{"line":274,"column":8},"end":{"line":277,"column":null}},"87":{"start":{"line":275,"column":10},"end":{"line":275,"column":null}},"88":{"start":{"line":276,"column":10},"end":{"line":276,"column":null}},"89":{"start":{"line":279,"column":25},"end":{"line":279,"column":null}},"90":{"start":{"line":280,"column":8},"end":{"line":287,"column":null}},"91":{"start":{"line":281,"column":47},"end":{"line":281,"column":null}},"92":{"start":{"line":282,"column":10},"end":{"line":282,"column":null}},"93":{"start":{"line":283,"column":10},"end":{"line":283,"column":null}},"94":{"start":{"line":284,"column":10},"end":{"line":284,"column":null}},"95":{"start":{"line":285,"column":10},"end":{"line":285,"column":null}},"96":{"start":{"line":286,"column":10},"end":{"line":286,"column":null}},"97":{"start":{"line":289,"column":8},"end":{"line":289,"column":null}},"98":{"start":{"line":292,"column":8},"end":{"line":292,"column":null}},"99":{"start":{"line":293,"column":8},"end":{"line":293,"column":null}},"100":{"start":{"line":294,"column":8},"end":{"line":294,"column":null}},"101":{"start":{"line":298,"column":4},"end":{"line":298,"column":null}},"102":{"start":{"line":301,"column":30},"end":{"line":303,"column":null}},"103":{"start":{"line":302,"column":4},"end":{"line":302,"column":null}},"104":{"start":{"line":305,"column":28},"end":{"line":318,"column":null}},"105":{"start":{"line":306,"column":20},"end":{"line":306,"column":null}},"106":{"start":{"line":308,"column":4},"end":{"line":317,"column":null}},"107":{"start":{"line":309,"column":23},"end":{"line":309,"column":null}},"108":{"start":{"line":310,"column":18},"end":{"line":310,"column":null}},"109":{"start":{"line":310,"column":84},"end":{"line":310,"column":92}},"110":{"start":{"line":311,"column":21},"end":{"line":311,"column":null}},"111":{"start":{"line":311,"column":90},"end":{"line":311,"column":100}},"112":{"start":{"line":313,"column":6},"end":{"line":316,"column":null}},"113":{"start":{"line":320,"column":33},"end":{"line":369,"column":null}},"114":{"start":{"line":329,"column":28},"end":{"line":331,"column":null}},"115":{"start":{"line":332,"column":27},"end":{"line":332,"column":null}},"116":{"start":{"line":333,"column":25},"end":{"line":333,"column":null}},"117":{"start":{"line":335,"column":4},"end":{"line":335,"column":null}},"118":{"start":{"line":337,"column":19},"end":{"line":341,"column":null}},"119":{"start":{"line":343,"column":4},"end":{"line":346,"column":null}},"120":{"start":{"line":344,"column":6},"end":{"line":344,"column":null}},"121":{"start":{"line":345,"column":6},"end":{"line":345,"column":null}},"122":{"start":{"line":348,"column":4},"end":{"line":350,"column":null}},"123":{"start":{"line":349,"column":6},"end":{"line":349,"column":null}},"124":{"start":{"line":352,"column":4},"end":{"line":354,"column":null}},"125":{"start":{"line":353,"column":6},"end":{"line":353,"column":null}},"126":{"start":{"line":356,"column":4},"end":{"line":358,"column":null}},"127":{"start":{"line":357,"column":6},"end":{"line":357,"column":null}},"128":{"start":{"line":360,"column":4},"end":{"line":362,"column":null}},"129":{"start":{"line":361,"column":6},"end":{"line":361,"column":null}},"130":{"start":{"line":364,"column":4},"end":{"line":366,"column":null}},"131":{"start":{"line":365,"column":6},"end":{"line":365,"column":null}},"132":{"start":{"line":368,"column":4},"end":{"line":368,"column":null}},"133":{"start":{"line":371,"column":27},"end":{"line":398,"column":null}},"134":{"start":{"line":372,"column":4},"end":{"line":372,"column":null}},"135":{"start":{"line":372,"column":44},"end":{"line":372,"column":null}},"136":{"start":{"line":373,"column":4},"end":{"line":373,"column":null}},"137":{"start":{"line":375,"column":4},"end":{"line":375,"column":null}},"138":{"start":{"line":376,"column":4},"end":{"line":376,"column":null}},"139":{"start":{"line":377,"column":4},"end":{"line":377,"column":null}},"140":{"start":{"line":379,"column":4},"end":{"line":397,"column":null}},"141":{"start":{"line":380,"column":25},"end":{"line":380,"column":null}},"142":{"start":{"line":381,"column":6},"end":{"line":383,"column":null}},"143":{"start":{"line":382,"column":8},"end":{"line":382,"column":null}},"144":{"start":{"line":385,"column":43},"end":{"line":385,"column":null}},"145":{"start":{"line":386,"column":6},"end":{"line":386,"column":null}},"146":{"start":{"line":387,"column":6},"end":{"line":387,"column":null}},"147":{"start":{"line":388,"column":6},"end":{"line":388,"column":null}},"148":{"start":{"line":389,"column":6},"end":{"line":389,"column":null}},"149":{"start":{"line":391,"column":6},"end":{"line":391,"column":null}},"150":{"start":{"line":392,"column":6},"end":{"line":392,"column":null}},"151":{"start":{"line":393,"column":6},"end":{"line":393,"column":null}},"152":{"start":{"line":395,"column":6},"end":{"line":395,"column":null}},"153":{"start":{"line":396,"column":6},"end":{"line":396,"column":null}},"154":{"start":{"line":400,"column":35},"end":{"line":434,"column":null}},"155":{"start":{"line":406,"column":4},"end":{"line":406,"column":null}},"156":{"start":{"line":406,"column":61},"end":{"line":406,"column":null}},"157":{"start":{"line":407,"column":4},"end":{"line":407,"column":null}},"158":{"start":{"line":409,"column":4},"end":{"line":409,"column":null}},"159":{"start":{"line":410,"column":4},"end":{"line":410,"column":null}},"160":{"start":{"line":412,"column":4},"end":{"line":433,"column":null}},"161":{"start":{"line":413,"column":23},"end":{"line":419,"column":null}},"162":{"start":{"line":422,"column":6},"end":{"line":422,"column":null}},"163":{"start":{"line":422,"column":24},"end":{"line":422,"column":null}},"164":{"start":{"line":423,"column":43},"end":{"line":423,"column":null}},"165":{"start":{"line":424,"column":6},"end":{"line":424,"column":null}},"166":{"start":{"line":425,"column":6},"end":{"line":425,"column":null}},"167":{"start":{"line":426,"column":6},"end":{"line":426,"column":null}},"168":{"start":{"line":427,"column":6},"end":{"line":427,"column":null}},"169":{"start":{"line":429,"column":6},"end":{"line":429,"column":null}},"170":{"start":{"line":431,"column":6},"end":{"line":431,"column":null}},"171":{"start":{"line":432,"column":6},"end":{"line":432,"column":null}},"172":{"start":{"line":436,"column":36},"end":{"line":460,"column":null}},"173":{"start":{"line":437,"column":4},"end":{"line":437,"column":null}},"174":{"start":{"line":437,"column":61},"end":{"line":437,"column":null}},"175":{"start":{"line":438,"column":4},"end":{"line":438,"column":null}},"176":{"start":{"line":440,"column":4},"end":{"line":440,"column":null}},"177":{"start":{"line":441,"column":4},"end":{"line":441,"column":null}},"178":{"start":{"line":443,"column":4},"end":{"line":459,"column":null}},"179":{"start":{"line":444,"column":23},"end":{"line":444,"column":null}},"180":{"start":{"line":445,"column":6},"end":{"line":447,"column":null}},"181":{"start":{"line":446,"column":8},"end":{"line":446,"column":null}},"182":{"start":{"line":449,"column":43},"end":{"line":449,"column":null}},"183":{"start":{"line":450,"column":6},"end":{"line":450,"column":null}},"184":{"start":{"line":451,"column":6},"end":{"line":451,"column":null}},"185":{"start":{"line":452,"column":6},"end":{"line":452,"column":null}},"186":{"start":{"line":453,"column":6},"end":{"line":453,"column":null}},"187":{"start":{"line":455,"column":6},"end":{"line":455,"column":null}},"188":{"start":{"line":457,"column":6},"end":{"line":457,"column":null}},"189":{"start":{"line":458,"column":6},"end":{"line":458,"column":null}},"190":{"start":{"line":502,"column":20},"end":{"line":502,"column":null}},"191":{"start":{"line":503,"column":20},"end":{"line":503,"column":null}},"192":{"start":{"line":504,"column":20},"end":{"line":504,"column":null}},"193":{"start":{"line":535,"column":35},"end":{"line":535,"column":null}},"194":{"start":{"line":547,"column":35},"end":{"line":547,"column":null}}},"fnMap":{"0":{"name":"TimeIcon","decl":{"start":{"line":33,"column":11},"end":{"line":33,"column":null}},"loc":{"start":{"line":33,"column":11},"end":{"line":68,"column":null}}},"1":{"name":"WeatherIcon","decl":{"start":{"line":70,"column":11},"end":{"line":70,"column":23}},"loc":{"start":{"line":70,"column":60},"end":{"line":142,"column":null}}},"2":{"name":"getCurrentHour","decl":{"start":{"line":144,"column":11},"end":{"line":144,"column":null}},"loc":{"start":{"line":144,"column":11},"end":{"line":146,"column":null}}},"3":{"name":"getListenerContext","decl":{"start":{"line":148,"column":17},"end":{"line":148,"column":null}},"loc":{"start":{"line":148,"column":17},"end":{"line":172,"column":null}}},"4":{"name":"(anonymous_10)","decl":{"start":{"line":156,"column":62},"end":{"line":156,"column":63}},"loc":{"start":{"line":156,"column":72},"end":{"line":162,"column":null}}},"5":{"name":"Home","decl":{"start":{"line":174,"column":24},"end":{"line":174,"column":null}},"loc":{"start":{"line":174,"column":24},"end":{"line":575,"column":null}}},"6":{"name":"(anonymous_12)","decl":{"start":{"line":186,"column":47},"end":{"line":186,"column":null}},"loc":{"start":{"line":187,"column":4},"end":{"line":187,"column":null}}},"7":{"name":"(anonymous_13)","decl":{"start":{"line":191,"column":12},"end":{"line":191,"column":null}},"loc":{"start":{"line":191,"column":12},"end":{"line":197,"column":5}}},"8":{"name":"(anonymous_14)","decl":{"start":{"line":192,"column":35},"end":{"line":192,"column":null}},"loc":{"start":{"line":192,"column":35},"end":{"line":194,"column":7}}},"9":{"name":"(anonymous_15)","decl":{"start":{"line":196,"column":11},"end":{"line":196,"column":17}},"loc":{"start":{"line":196,"column":17},"end":{"line":196,"column":null}}},"10":{"name":"(anonymous_16)","decl":{"start":{"line":199,"column":12},"end":{"line":199,"column":null}},"loc":{"start":{"line":199,"column":12},"end":{"line":224,"column":5}}},"11":{"name":"(anonymous_17)","decl":{"start":{"line":200,"column":30},"end":{"line":200,"column":null}},"loc":{"start":{"line":200,"column":30},"end":{"line":221,"column":null}}},"12":{"name":"(anonymous_18)","decl":{"start":{"line":226,"column":12},"end":{"line":226,"column":null}},"loc":{"start":{"line":226,"column":12},"end":{"line":299,"column":5}}},"13":{"name":"(anonymous_19)","decl":{"start":{"line":227,"column":36},"end":{"line":227,"column":null}},"loc":{"start":{"line":227,"column":36},"end":{"line":296,"column":null}}},"14":{"name":"(anonymous_20)","decl":{"start":{"line":256,"column":47},"end":{"line":256,"column":54}},"loc":{"start":{"line":256,"column":47},"end":{"line":256,"column":null}}},"15":{"name":"(anonymous_21)","decl":{"start":{"line":301,"column":30},"end":{"line":301,"column":31}},"loc":{"start":{"line":301,"column":31},"end":{"line":303,"column":null}}},"16":{"name":"(anonymous_22)","decl":{"start":{"line":305,"column":28},"end":{"line":305,"column":29}},"loc":{"start":{"line":305,"column":41},"end":{"line":318,"column":null}}},"17":{"name":"(anonymous_23)","decl":{"start":{"line":308,"column":19},"end":{"line":308,"column":20}},"loc":{"start":{"line":308,"column":20},"end":{"line":317,"column":null}}},"18":{"name":"(anonymous_24)","decl":{"start":{"line":310,"column":73},"end":{"line":310,"column":74}},"loc":{"start":{"line":310,"column":84},"end":{"line":310,"column":92}}},"19":{"name":"(anonymous_25)","decl":{"start":{"line":311,"column":79},"end":{"line":311,"column":80}},"loc":{"start":{"line":311,"column":90},"end":{"line":311,"column":100}}},"20":{"name":"(anonymous_26)","decl":{"start":{"line":320,"column":33},"end":{"line":320,"column":null}},"loc":{"start":{"line":325,"column":4},"end":{"line":369,"column":null}}},"21":{"name":"(anonymous_27)","decl":{"start":{"line":371,"column":27},"end":{"line":371,"column":34}},"loc":{"start":{"line":371,"column":34},"end":{"line":398,"column":null}}},"22":{"name":"(anonymous_28)","decl":{"start":{"line":400,"column":35},"end":{"line":400,"column":null}},"loc":{"start":{"line":404,"column":4},"end":{"line":434,"column":null}}},"23":{"name":"(anonymous_29)","decl":{"start":{"line":436,"column":36},"end":{"line":436,"column":null}},"loc":{"start":{"line":436,"column":36},"end":{"line":460,"column":null}}},"24":{"name":"(anonymous_30)","decl":{"start":{"line":501,"column":27},"end":{"line":501,"column":null}},"loc":{"start":{"line":501,"column":27},"end":{"line":505,"column":null}}},"25":{"name":"(anonymous_31)","decl":{"start":{"line":535,"column":29},"end":{"line":535,"column":35}},"loc":{"start":{"line":535,"column":35},"end":{"line":535,"column":null}}},"26":{"name":"(anonymous_32)","decl":{"start":{"line":547,"column":29},"end":{"line":547,"column":35}},"loc":{"start":{"line":547,"column":35},"end":{"line":547,"column":null}}}},"branchMap":{"0":{"loc":{"start":{"line":36,"column":4},"end":{"line":42,"column":null}},"type":"if","locations":[{"start":{"line":36,"column":4},"end":{"line":42,"column":null}}]},"1":{"loc":{"start":{"line":36,"column":8},"end":{"line":36,"column":32}},"type":"binary-expr","locations":[{"start":{"line":36,"column":8},"end":{"line":36,"column":20}},{"start":{"line":36,"column":20},"end":{"line":36,"column":32}}]},"2":{"loc":{"start":{"line":44,"column":4},"end":{"line":51,"column":null}},"type":"if","locations":[{"start":{"line":44,"column":4},"end":{"line":51,"column":null}}]},"3":{"loc":{"start":{"line":53,"column":4},"end":{"line":60,"column":null}},"type":"if","locations":[{"start":{"line":53,"column":4},"end":{"line":60,"column":null}}]},"4":{"loc":{"start":{"line":71,"column":18},"end":{"line":71,"column":null}},"type":"binary-expr","locations":[{"start":{"line":71,"column":18},"end":{"line":71,"column":46}},{"start":{"line":71,"column":46},"end":{"line":71,"column":null}}]},"5":{"loc":{"start":{"line":79,"column":4},"end":{"line":81,"column":null}},"type":"if","locations":[{"start":{"line":79,"column":4},"end":{"line":81,"column":null}}]},"6":{"loc":{"start":{"line":79,"column":8},"end":{"line":79,"column":49}},"type":"binary-expr","locations":[{"start":{"line":79,"column":8},"end":{"line":79,"column":22}},{"start":{"line":79,"column":22},"end":{"line":79,"column":49}}]},"7":{"loc":{"start":{"line":84,"column":6},"end":{"line":91,"column":null}},"type":"binary-expr","locations":[{"start":{"line":84,"column":6},"end":{"line":84,"column":null}},{"start":{"line":85,"column":6},"end":{"line":85,"column":null}},{"start":{"line":86,"column":6},"end":{"line":86,"column":null}},{"start":{"line":87,"column":6},"end":{"line":87,"column":null}},{"start":{"line":88,"column":6},"end":{"line":88,"column":null}},{"start":{"line":89,"column":6},"end":{"line":89,"column":null}},{"start":{"line":90,"column":6},"end":{"line":90,"column":null}},{"start":{"line":91,"column":6},"end":{"line":91,"column":null}}]},"8":{"loc":{"start":{"line":93,"column":4},"end":{"line":100,"column":null}},"type":"if","locations":[{"start":{"line":93,"column":4},"end":{"line":100,"column":null}}]},"9":{"loc":{"start":{"line":93,"column":8},"end":{"line":93,"column":61}},"type":"binary-expr","locations":[{"start":{"line":93,"column":8},"end":{"line":93,"column":34}},{"start":{"line":93,"column":34},"end":{"line":93,"column":61}}]},"10":{"loc":{"start":{"line":102,"column":4},"end":{"line":109,"column":null}},"type":"if","locations":[{"start":{"line":102,"column":4},"end":{"line":109,"column":null}}]},"11":{"loc":{"start":{"line":102,"column":8},"end":{"line":102,"column":62}},"type":"binary-expr","locations":[{"start":{"line":102,"column":8},"end":{"line":102,"column":35}},{"start":{"line":102,"column":35},"end":{"line":102,"column":62}}]},"12":{"loc":{"start":{"line":111,"column":4},"end":{"line":118,"column":null}},"type":"if","locations":[{"start":{"line":111,"column":4},"end":{"line":118,"column":null}}]},"13":{"loc":{"start":{"line":120,"column":4},"end":{"line":126,"column":null}},"type":"if","locations":[{"start":{"line":120,"column":4},"end":{"line":126,"column":null}}]},"14":{"loc":{"start":{"line":120,"column":8},"end":{"line":120,"column":57}},"type":"binary-expr","locations":[{"start":{"line":120,"column":8},"end":{"line":120,"column":33}},{"start":{"line":120,"column":33},"end":{"line":120,"column":57}}]},"15":{"loc":{"start":{"line":128,"column":4},"end":{"line":130,"column":null}},"type":"if","locations":[{"start":{"line":128,"column":4},"end":{"line":130,"column":null}}]},"16":{"loc":{"start":{"line":132,"column":4},"end":{"line":139,"column":null}},"type":"if","locations":[{"start":{"line":132,"column":4},"end":{"line":139,"column":null}}]},"17":{"loc":{"start":{"line":132,"column":8},"end":{"line":132,"column":114}},"type":"binary-expr","locations":[{"start":{"line":132,"column":8},"end":{"line":132,"column":38}},{"start":{"line":132,"column":38},"end":{"line":132,"column":66}},{"start":{"line":132,"column":66},"end":{"line":132,"column":88}},{"start":{"line":132,"column":88},"end":{"line":132,"column":114}}]},"18":{"loc":{"start":{"line":151,"column":4},"end":{"line":153,"column":null}},"type":"if","locations":[{"start":{"line":151,"column":4},"end":{"line":153,"column":null}}]},"19":{"loc":{"start":{"line":151,"column":8},"end":{"line":151,"column":72}},"type":"binary-expr","locations":[{"start":{"line":151,"column":8},"end":{"line":151,"column":41}},{"start":{"line":151,"column":41},"end":{"line":151,"column":72}}]},"20":{"loc":{"start":{"line":204,"column":6},"end":{"line":207,"column":null}},"type":"if","locations":[{"start":{"line":204,"column":6},"end":{"line":207,"column":null}}]},"21":{"loc":{"start":{"line":204,"column":10},"end":{"line":204,"column":38}},"type":"binary-expr","locations":[{"start":{"line":204,"column":10},"end":{"line":204,"column":22}},{"start":{"line":204,"column":26},"end":{"line":204,"column":38}}]},"22":{"loc":{"start":{"line":211,"column":8},"end":{"line":214,"column":null}},"type":"if","locations":[{"start":{"line":211,"column":8},"end":{"line":214,"column":null}}]},"23":{"loc":{"start":{"line":217,"column":25},"end":{"line":217,"column":null}},"type":"binary-expr","locations":[{"start":{"line":217,"column":25},"end":{"line":217,"column":37}},{"start":{"line":217,"column":41},"end":{"line":217,"column":null}}]},"24":{"loc":{"start":{"line":228,"column":6},"end":{"line":228,"column":null}},"type":"if","locations":[{"start":{"line":228,"column":6},"end":{"line":228,"column":null}}]},"25":{"loc":{"start":{"line":228,"column":10},"end":{"line":228,"column":75}},"type":"binary-expr","locations":[{"start":{"line":228,"column":10},"end":{"line":228,"column":26}},{"start":{"line":228,"column":26},"end":{"line":228,"column":48}},{"start":{"line":228,"column":48},"end":{"line":228,"column":75}}]},"26":{"loc":{"start":{"line":236,"column":24},"end":{"line":236,"column":null}},"type":"binary-expr","locations":[{"start":{"line":236,"column":24},"end":{"line":236,"column":44}},{"start":{"line":236,"column":44},"end":{"line":236,"column":null}}]},"27":{"loc":{"start":{"line":237,"column":8},"end":{"line":239,"column":null}},"type":"if","locations":[{"start":{"line":237,"column":8},"end":{"line":239,"column":null}}]},"28":{"loc":{"start":{"line":243,"column":8},"end":{"line":253,"column":null}},"type":"if","locations":[{"start":{"line":243,"column":8},"end":{"line":253,"column":null}}]},"29":{"loc":{"start":{"line":243,"column":12},"end":{"line":243,"column":54}},"type":"binary-expr","locations":[{"start":{"line":243,"column":12},"end":{"line":243,"column":28}},{"start":{"line":243,"column":28},"end":{"line":243,"column":39}},{"start":{"line":243,"column":43},"end":{"line":243,"column":54}}]},"30":{"loc":{"start":{"line":246,"column":12},"end":{"line":249,"column":null}},"type":"if","locations":[{"start":{"line":246,"column":12},"end":{"line":249,"column":null}}]},"31":{"loc":{"start":{"line":248,"column":28},"end":{"line":248,"column":null}},"type":"binary-expr","locations":[{"start":{"line":248,"column":28},"end":{"line":248,"column":40}},{"start":{"line":248,"column":44},"end":{"line":248,"column":null}}]},"32":{"loc":{"start":{"line":257,"column":32},"end":{"line":263,"column":null}},"type":"cond-expr","locations":[{"start":{"line":258,"column":12},"end":{"line":262,"column":null}},{"start":{"line":263,"column":12},"end":{"line":263,"column":null}}]},"33":{"loc":{"start":{"line":257,"column":32},"end":{"line":257,"column":69}},"type":"binary-expr","locations":[{"start":{"line":257,"column":32},"end":{"line":257,"column":47}},{"start":{"line":257,"column":48},"end":{"line":257,"column":69}}]},"34":{"loc":{"start":{"line":260,"column":28},"end":{"line":260,"column":null}},"type":"binary-expr","locations":[{"start":{"line":260,"column":28},"end":{"line":260,"column":52}},{"start":{"line":260,"column":56},"end":{"line":260,"column":null}}]},"35":{"loc":{"start":{"line":261,"column":50},"end":{"line":261,"column":135}},"type":"cond-expr","locations":[{"start":{"line":261,"column":97},"end":{"line":261,"column":129}},{"start":{"line":261,"column":132},"end":{"line":261,"column":135}}]},"36":{"loc":{"start":{"line":274,"column":8},"end":{"line":277,"column":null}},"type":"if","locations":[{"start":{"line":274,"column":8},"end":{"line":277,"column":null}}]},"37":{"loc":{"start":{"line":274,"column":12},"end":{"line":274,"column":38}},"type":"binary-expr","locations":[{"start":{"line":274,"column":12},"end":{"line":274,"column":23}},{"start":{"line":274,"column":27},"end":{"line":274,"column":38}}]},"38":{"loc":{"start":{"line":280,"column":8},"end":{"line":287,"column":null}},"type":"if","locations":[{"start":{"line":280,"column":8},"end":{"line":287,"column":null}}]},"39":{"loc":{"start":{"line":284,"column":28},"end":{"line":284,"column":null}},"type":"binary-expr","locations":[{"start":{"line":284,"column":28},"end":{"line":284,"column":53}},{"start":{"line":284,"column":53},"end":{"line":284,"column":null}}]},"40":{"loc":{"start":{"line":302,"column":11},"end":{"line":302,"column":null}},"type":"binary-expr","locations":[{"start":{"line":302,"column":11},"end":{"line":302,"column":49}},{"start":{"line":302,"column":53},"end":{"line":302,"column":null}}]},"41":{"loc":{"start":{"line":309,"column":23},"end":{"line":309,"column":null}},"type":"binary-expr","locations":[{"start":{"line":309,"column":23},"end":{"line":309,"column":46}},{"start":{"line":309,"column":50},"end":{"line":309,"column":null}}]},"42":{"loc":{"start":{"line":329,"column":28},"end":{"line":331,"column":null}},"type":"cond-expr","locations":[{"start":{"line":330,"column":8},"end":{"line":330,"column":null}},{"start":{"line":331,"column":8},"end":{"line":331,"column":null}}]},"43":{"loc":{"start":{"line":332,"column":27},"end":{"line":332,"column":null}},"type":"binary-expr","locations":[{"start":{"line":332,"column":27},"end":{"line":332,"column":54}},{"start":{"line":332,"column":54},"end":{"line":332,"column":null}}]},"44":{"loc":{"start":{"line":333,"column":25},"end":{"line":333,"column":null}},"type":"cond-expr","locations":[{"start":{"line":333,"column":42},"end":{"line":333,"column":70}},{"start":{"line":333,"column":70},"end":{"line":333,"column":null}}]},"45":{"loc":{"start":{"line":343,"column":4},"end":{"line":346,"column":null}},"type":"if","locations":[{"start":{"line":343,"column":4},"end":{"line":346,"column":null}}]},"46":{"loc":{"start":{"line":343,"column":8},"end":{"line":343,"column":50}},"type":"binary-expr","locations":[{"start":{"line":343,"column":8},"end":{"line":343,"column":27}},{"start":{"line":343,"column":31},"end":{"line":343,"column":50}}]},"47":{"loc":{"start":{"line":348,"column":4},"end":{"line":350,"column":null}},"type":"if","locations":[{"start":{"line":348,"column":4},"end":{"line":350,"column":null}}]},"48":{"loc":{"start":{"line":352,"column":4},"end":{"line":354,"column":null}},"type":"if","locations":[{"start":{"line":352,"column":4},"end":{"line":354,"column":null}}]},"49":{"loc":{"start":{"line":356,"column":4},"end":{"line":358,"column":null}},"type":"if","locations":[{"start":{"line":356,"column":4},"end":{"line":358,"column":null}}]},"50":{"loc":{"start":{"line":360,"column":4},"end":{"line":362,"column":null}},"type":"if","locations":[{"start":{"line":360,"column":4},"end":{"line":362,"column":null}}]},"51":{"loc":{"start":{"line":360,"column":8},"end":{"line":360,"column":70}},"type":"binary-expr","locations":[{"start":{"line":360,"column":8},"end":{"line":360,"column":31}},{"start":{"line":360,"column":31},"end":{"line":360,"column":70}}]},"52":{"loc":{"start":{"line":364,"column":4},"end":{"line":366,"column":null}},"type":"if","locations":[{"start":{"line":364,"column":4},"end":{"line":366,"column":null}}]},"53":{"loc":{"start":{"line":364,"column":8},"end":{"line":364,"column":68}},"type":"binary-expr","locations":[{"start":{"line":364,"column":8},"end":{"line":364,"column":30}},{"start":{"line":364,"column":30},"end":{"line":364,"column":68}}]},"54":{"loc":{"start":{"line":372,"column":4},"end":{"line":372,"column":null}},"type":"if","locations":[{"start":{"line":372,"column":4},"end":{"line":372,"column":null}}]},"55":{"loc":{"start":{"line":381,"column":6},"end":{"line":383,"column":null}},"type":"if","locations":[{"start":{"line":381,"column":6},"end":{"line":383,"column":null}}]},"56":{"loc":{"start":{"line":388,"column":24},"end":{"line":388,"column":null}},"type":"binary-expr","locations":[{"start":{"line":388,"column":24},"end":{"line":388,"column":49}},{"start":{"line":388,"column":49},"end":{"line":388,"column":null}}]},"57":{"loc":{"start":{"line":391,"column":15},"end":{"line":391,"column":null}},"type":"cond-expr","locations":[{"start":{"line":391,"column":38},"end":{"line":391,"column":49}},{"start":{"line":391,"column":52},"end":{"line":391,"column":null}}]},"58":{"loc":{"start":{"line":406,"column":4},"end":{"line":406,"column":null}},"type":"if","locations":[{"start":{"line":406,"column":4},"end":{"line":406,"column":null}}]},"59":{"loc":{"start":{"line":406,"column":8},"end":{"line":406,"column":59}},"type":"binary-expr","locations":[{"start":{"line":406,"column":8},"end":{"line":406,"column":25}},{"start":{"line":406,"column":25},"end":{"line":406,"column":59}}]},"60":{"loc":{"start":{"line":422,"column":6},"end":{"line":422,"column":null}},"type":"if","locations":[{"start":{"line":422,"column":6},"end":{"line":422,"column":null}}]},"61":{"loc":{"start":{"line":426,"column":24},"end":{"line":426,"column":null}},"type":"binary-expr","locations":[{"start":{"line":426,"column":24},"end":{"line":426,"column":49}},{"start":{"line":426,"column":49},"end":{"line":426,"column":null}}]},"62":{"loc":{"start":{"line":429,"column":15},"end":{"line":429,"column":null}},"type":"cond-expr","locations":[{"start":{"line":429,"column":38},"end":{"line":429,"column":49}},{"start":{"line":429,"column":52},"end":{"line":429,"column":null}}]},"63":{"loc":{"start":{"line":437,"column":4},"end":{"line":437,"column":null}},"type":"if","locations":[{"start":{"line":437,"column":4},"end":{"line":437,"column":null}}]},"64":{"loc":{"start":{"line":437,"column":8},"end":{"line":437,"column":59}},"type":"binary-expr","locations":[{"start":{"line":437,"column":8},"end":{"line":437,"column":25}},{"start":{"line":437,"column":25},"end":{"line":437,"column":59}}]},"65":{"loc":{"start":{"line":445,"column":6},"end":{"line":447,"column":null}},"type":"if","locations":[{"start":{"line":445,"column":6},"end":{"line":447,"column":null}}]},"66":{"loc":{"start":{"line":452,"column":24},"end":{"line":452,"column":null}},"type":"binary-expr","locations":[{"start":{"line":452,"column":24},"end":{"line":452,"column":49}},{"start":{"line":452,"column":49},"end":{"line":452,"column":null}}]},"67":{"loc":{"start":{"line":455,"column":15},"end":{"line":455,"column":null}},"type":"cond-expr","locations":[{"start":{"line":455,"column":38},"end":{"line":455,"column":49}},{"start":{"line":455,"column":52},"end":{"line":455,"column":null}}]},"68":{"loc":{"start":{"line":471,"column":23},"end":{"line":471,"column":null}},"type":"binary-expr","locations":[{"start":{"line":471,"column":23},"end":{"line":471,"column":51}},{"start":{"line":471,"column":51},"end":{"line":471,"column":null}}]},"69":{"loc":{"start":{"line":472,"column":17},"end":{"line":474,"column":null}},"type":"cond-expr","locations":[{"start":{"line":473,"column":20},"end":{"line":474,"column":null}},{"start":{"line":474,"column":20},"end":{"line":474,"column":null}}]},"70":{"loc":{"start":{"line":485,"column":11},"end":{"line":570,"column":null}},"type":"cond-expr","locations":[{"start":{"line":486,"column":12},"end":{"line":492,"column":25}},{"start":{"line":492,"column":14},"end":{"line":570,"column":null}}]},"71":{"loc":{"start":{"line":485,"column":11},"end":{"line":485,"column":null}},"type":"binary-expr","locations":[{"start":{"line":485,"column":11},"end":{"line":485,"column":28}},{"start":{"line":485,"column":28},"end":{"line":485,"column":null}}]},"72":{"loc":{"start":{"line":492,"column":14},"end":{"line":570,"column":null}},"type":"cond-expr","locations":[{"start":{"line":493,"column":12},"end":{"line":497,"column":null}},{"start":{"line":497,"column":14},"end":{"line":570,"column":null}}]},"73":{"loc":{"start":{"line":492,"column":14},"end":{"line":492,"column":null}},"type":"binary-expr","locations":[{"start":{"line":492,"column":14},"end":{"line":492,"column":25}},{"start":{"line":492,"column":25},"end":{"line":492,"column":null}}]},"74":{"loc":{"start":{"line":497,"column":14},"end":{"line":570,"column":null}},"type":"cond-expr","locations":[{"start":{"line":498,"column":12},"end":{"line":570,"column":null}},{"start":{"line":570,"column":14},"end":{"line":570,"column":null}}]},"75":{"loc":{"start":{"line":520,"column":15},"end":{"line":520,"column":33}},"type":"binary-expr","locations":[{"start":{"line":520,"column":15},"end":{"line":520,"column":33}},{"start":{"line":520,"column":33},"end":{"line":520,"column":45}},{"start":{"line":520,"column":45},"end":{"line":520,"column":null}}]},"76":{"loc":{"start":{"line":524,"column":15},"end":{"line":524,"column":null}},"type":"binary-expr","locations":[{"start":{"line":524,"column":15},"end":{"line":524,"column":null}}]},"77":{"loc":{"start":{"line":531,"column":15},"end":{"line":531,"column":null}},"type":"binary-expr","locations":[{"start":{"line":531,"column":15},"end":{"line":531,"column":null}}]},"78":{"loc":{"start":{"line":543,"column":15},"end":{"line":543,"column":27}},"type":"binary-expr","locations":[{"start":{"line":543,"column":15},"end":{"line":543,"column":27}},{"start":{"line":543,"column":27},"end":{"line":543,"column":37}},{"start":{"line":543,"column":37},"end":{"line":543,"column":null}}]},"79":{"loc":{"start":{"line":555,"column":15},"end":{"line":555,"column":27}},"type":"binary-expr","locations":[{"start":{"line":555,"column":15},"end":{"line":555,"column":27}},{"start":{"line":555,"column":27},"end":{"line":555,"column":37}},{"start":{"line":555,"column":37},"end":{"line":555,"column":null}}]}},"s":{"0":4,"1":1,"2":1,"3":1,"4":14,"5":14,"6":14,"7":0,"8":14,"9":14,"10":14,"11":0,"12":0,"13":0,"14":0,"15":0,"16":0,"17":0,"18":0,"19":0,"20":9,"21":8,"22":8,"23":0,"24":8,"25":8,"26":8,"27":0,"28":8,"29":14,"30":14,"31":14,"32":14,"33":14,"34":14,"35":14,"36":14,"37":14,"38":14,"39":14,"40":14,"41":4,"42":14,"43":14,"44":4,"45":0,"46":4,"47":4,"48":14,"49":4,"50":4,"51":4,"52":4,"53":4,"54":4,"55":0,"56":0,"57":0,"58":0,"59":0,"60":0,"61":0,"62":0,"63":4,"64":14,"65":9,"66":9,"67":5,"68":4,"69":4,"70":4,"71":4,"72":4,"73":4,"74":4,"75":4,"76":0,"77":0,"78":0,"79":0,"80":0,"81":4,"82":4,"83":4,"84":4,"85":4,"86":4,"87":0,"88":0,"89":4,"90":4,"91":0,"92":0,"93":0,"94":0,"95":0,"96":0,"97":0,"98":4,"99":4,"100":4,"101":9,"102":14,"103":1,"104":14,"105":0,"106":0,"107":0,"108":0,"109":0,"110":0,"111":0,"112":0,"113":14,"114":1,"115":1,"116":1,"117":1,"118":1,"119":1,"120":0,"121":0,"122":1,"123":0,"124":1,"125":0,"126":1,"127":0,"128":1,"129":0,"130":1,"131":0,"132":1,"133":14,"134":1,"135":0,"136":1,"137":1,"138":1,"139":1,"140":1,"141":1,"142":1,"143":1,"144":0,"145":0,"146":0,"147":0,"148":0,"149":1,"150":1,"151":1,"152":1,"153":1,"154":14,"155":0,"156":0,"157":0,"158":0,"159":0,"160":0,"161":0,"162":0,"163":0,"164":0,"165":0,"166":0,"167":0,"168":0,"169":0,"170":0,"171":0,"172":14,"173":0,"174":0,"175":0,"176":0,"177":0,"178":0,"179":0,"180":0,"181":0,"182":0,"183":0,"184":0,"185":0,"186":0,"187":0,"188":0,"189":0,"190":0,"191":0,"192":0,"193":0,"194":0},"f":{"0":14,"1":14,"2":9,"3":8,"4":8,"5":14,"6":4,"7":4,"8":0,"9":4,"10":4,"11":4,"12":9,"13":9,"14":4,"15":1,"16":0,"17":0,"18":0,"19":0,"20":1,"21":1,"22":0,"23":0,"24":0,"25":0,"26":0},"b":{"0":[0],"1":[14,14],"2":[14],"3":[0],"4":[14,14],"5":[14],"6":[14,0],"7":[0,0,0,0,0,0,0,0],"8":[0],"9":[0,0],"10":[0],"11":[0,0],"12":[0],"13":[0],"14":[0,0],"15":[0],"16":[0],"17":[0,0,0,0],"18":[0],"19":[8,8],"20":[4],"21":[4,0],"22":[0],"23":[0,0],"24":[5],"25":[9,8,4],"26":[4,4],"27":[4],"28":[0],"29":[4,4,0],"30":[0],"31":[0,0],"32":[0,4],"33":[4,0],"34":[0,0],"35":[0,0],"36":[0],"37":[4,0],"38":[0],"39":[0,0],"40":[1,1],"41":[0,0],"42":[1,0],"43":[1,1],"44":[1,0],"45":[0],"46":[1,0],"47":[0],"48":[0],"49":[0],"50":[0],"51":[1,0],"52":[0],"53":[1,0],"54":[0],"55":[1],"56":[0,0],"57":[1,0],"58":[0],"59":[0,0],"60":[0],"61":[0,0],"62":[0,0],"63":[0],"64":[0,0],"65":[0],"66":[0,0],"67":[0,0],"68":[14,14],"69":[0,14],"70":[8,6],"71":[14,12],"72":[4,2],"73":[6,5],"74":[2,0],"75":[2,0,0],"76":[2],"77":[2],"78":[2,1,0],"79":[2,1,0]}}
,"/Users/elizabethcarrsco/Documents/MoodMusicApp/nextjs-boilerplate/ai_project/mood-music-recommender/src/app/api/spotify/route.ts": {"path":"/Users/elizabethcarrsco/Documents/MoodMusicApp/nextjs-boilerplate/ai_project/mood-music-recommender/src/app/api/spotify/route.ts","statementMap":{"0":{"start":{"line":219,"column":22},"end":{"line":219,"column":26}},"1":{"start":{"line":3,"column":66},"end":{"line":3,"column":null}},"2":{"start":{"line":8,"column":7},"end":{"line":8,"column":null}},"3":{"start":{"line":10,"column":22},"end":{"line":10,"column":47}},"4":{"start":{"line":11,"column":23},"end":{"line":11,"column":null}},"5":{"start":{"line":14,"column":56},"end":{"line":23,"column":null}},"6":{"start":{"line":25,"column":26},"end":{"line":42,"column":null}},"7":{"start":{"line":45,"column":48},"end":{"line":95,"column":null}},"8":{"start":{"line":98,"column":2},"end":{"line":102,"column":null}},"9":{"start":{"line":106,"column":2},"end":{"line":109,"column":null}},"10":{"start":{"line":109,"column":25},"end":{"line":109,"column":null}},"11":{"start":{"line":114,"column":26},"end":{"line":114,"column":null}},"12":{"start":{"line":115,"column":2},"end":{"line":117,"column":null}},"13":{"start":{"line":116,"column":4},"end":{"line":116,"column":null}},"14":{"start":{"line":119,"column":22},"end":{"line":119,"column":null}},"15":{"start":{"line":120,"column":21},"end":{"line":120,"column":null}},"16":{"start":{"line":121,"column":23},"end":{"line":121,"column":null}},"17":{"start":{"line":121,"column":51},"end":{"line":121,"column":null}},"18":{"start":{"line":122,"column":23},"end":{"line":123,"column":null}},"19":{"start":{"line":123,"column":15},"end":{"line":123,"column":null}},"20":{"start":{"line":126,"column":2},"end":{"line":128,"column":null}},"21":{"start":{"line":127,"column":4},"end":{"line":127,"column":null}},"22":{"start":{"line":130,"column":2},"end":{"line":132,"column":null}},"23":{"start":{"line":131,"column":4},"end":{"line":131,"column":null}},"24":{"start":{"line":134,"column":2},"end":{"line":134,"column":null}},"25":{"start":{"line":138,"column":23},"end":{"line":138,"column":null}},"26":{"start":{"line":140,"column":2},"end":{"line":140,"column":null}},"27":{"start":{"line":144,"column":2},"end":{"line":158,"column":null}},"28":{"start":{"line":162,"column":2},"end":{"line":164,"column":null}},"29":{"start":{"line":163,"column":4},"end":{"line":163,"column":null}},"30":{"start":{"line":166,"column":2},"end":{"line":169,"column":null}},"31":{"start":{"line":168,"column":19},"end":{"line":168,"column":null}},"32":{"start":{"line":169,"column":22},"end":{"line":169,"column":null}},"33":{"start":{"line":173,"column":20},"end":{"line":173,"column":null}},"34":{"start":{"line":174,"column":2},"end":{"line":176,"column":null}},"35":{"start":{"line":175,"column":4},"end":{"line":175,"column":null}},"36":{"start":{"line":178,"column":2},"end":{"line":178,"column":null}},"37":{"start":{"line":182,"column":2},"end":{"line":184,"column":null}},"38":{"start":{"line":183,"column":4},"end":{"line":183,"column":null}},"39":{"start":{"line":186,"column":17},"end":{"line":186,"column":null}},"40":{"start":{"line":187,"column":2},"end":{"line":187,"column":null}},"41":{"start":{"line":191,"column":2},"end":{"line":191,"column":null}},"42":{"start":{"line":191,"column":34},"end":{"line":191,"column":null}},"43":{"start":{"line":195,"column":26},"end":{"line":195,"column":null}},"44":{"start":{"line":197,"column":2},"end":{"line":199,"column":null}},"45":{"start":{"line":198,"column":4},"end":{"line":198,"column":null}},"46":{"start":{"line":201,"column":2},"end":{"line":214,"column":null}},"47":{"start":{"line":202,"column":4},"end":{"line":213,"column":null}},"48":{"start":{"line":204,"column":34},"end":{"line":204,"column":null}},"49":{"start":{"line":205,"column":8},"end":{"line":208,"column":null}},"50":{"start":{"line":212,"column":6},"end":{"line":212,"column":null}},"51":{"start":{"line":216,"column":2},"end":{"line":216,"column":null}},"52":{"start":{"line":220,"column":2},"end":{"line":494,"column":null}},"53":{"start":{"line":221,"column":29},"end":{"line":221,"column":null}},"54":{"start":{"line":222,"column":17},"end":{"line":222,"column":null}},"55":{"start":{"line":223,"column":20},"end":{"line":223,"column":null}},"56":{"start":{"line":224,"column":23},"end":{"line":224,"column":null}},"57":{"start":{"line":225,"column":26},"end":{"line":225,"column":null}},"58":{"start":{"line":226,"column":21},"end":{"line":226,"column":null}},"59":{"start":{"line":227,"column":31},"end":{"line":227,"column":null}},"60":{"start":{"line":228,"column":24},"end":{"line":228,"column":null}},"61":{"start":{"line":229,"column":21},"end":{"line":229,"column":null}},"62":{"start":{"line":230,"column":22},"end":{"line":230,"column":null}},"63":{"start":{"line":231,"column":22},"end":{"line":231,"column":null}},"64":{"start":{"line":233,"column":4},"end":{"line":235,"column":null}},"65":{"start":{"line":234,"column":6},"end":{"line":234,"column":null}},"66":{"start":{"line":237,"column":27},"end":{"line":237,"column":null}},"67":{"start":{"line":239,"column":4},"end":{"line":239,"column":null}},"68":{"start":{"line":241,"column":4},"end":{"line":247,"column":null}},"69":{"start":{"line":242,"column":6},"end":{"line":242,"column":null}},"70":{"start":{"line":243,"column":6},"end":{"line":245,"column":null}},"71":{"start":{"line":250,"column":6},"end":{"line":252,"column":null}},"72":{"start":{"line":253,"column":24},"end":{"line":253,"column":null}},"73":{"start":{"line":255,"column":4},"end":{"line":255,"column":null}},"74":{"start":{"line":258,"column":44},"end":{"line":258,"column":46}},"75":{"start":{"line":259,"column":50},"end":{"line":259,"column":null}},"76":{"start":{"line":260,"column":4},"end":{"line":274,"column":null}},"77":{"start":{"line":261,"column":35},"end":{"line":267,"column":null}},"78":{"start":{"line":268,"column":6},"end":{"line":268,"column":null}},"79":{"start":{"line":269,"column":6},"end":{"line":269,"column":null}},"80":{"start":{"line":271,"column":6},"end":{"line":271,"column":null}},"81":{"start":{"line":272,"column":6},"end":{"line":272,"column":null}},"82":{"start":{"line":273,"column":6},"end":{"line":273,"column":null}},"83":{"start":{"line":276,"column":4},"end":{"line":276,"column":null}},"84":{"start":{"line":278,"column":28},"end":{"line":290,"column":null}},"85":{"start":{"line":279,"column":23},"end":{"line":279,"column":null}},"86":{"start":{"line":280,"column":6},"end":{"line":282,"column":null}},"87":{"start":{"line":281,"column":8},"end":{"line":281,"column":null}},"88":{"start":{"line":284,"column":6},"end":{"line":288,"column":null}},"89":{"start":{"line":292,"column":36},"end":{"line":294,"column":null}},"90":{"start":{"line":293,"column":38},"end":{"line":293,"column":68}},"91":{"start":{"line":296,"column":32},"end":{"line":296,"column":null}},"92":{"start":{"line":298,"column":4},"end":{"line":298,"column":null}},"93":{"start":{"line":301,"column":27},"end":{"line":301,"column":29}},"94":{"start":{"line":302,"column":28},"end":{"line":302,"column":null}},"95":{"start":{"line":303,"column":36},"end":{"line":303,"column":null}},"96":{"start":{"line":305,"column":4},"end":{"line":359,"column":null}},"97":{"start":{"line":306,"column":6},"end":{"line":306,"column":null}},"98":{"start":{"line":306,"column":34},"end":{"line":306,"column":null}},"99":{"start":{"line":308,"column":6},"end":{"line":308,"column":null}},"100":{"start":{"line":309,"column":33},"end":{"line":309,"column":null}},"101":{"start":{"line":310,"column":6},"end":{"line":310,"column":null}},"102":{"start":{"line":311,"column":6},"end":{"line":311,"column":null}},"103":{"start":{"line":312,"column":6},"end":{"line":312,"column":null}},"104":{"start":{"line":314,"column":6},"end":{"line":354,"column":null}},"105":{"start":{"line":315,"column":25},"end":{"line":321,"column":null}},"106":{"start":{"line":323,"column":8},"end":{"line":323,"column":null}},"107":{"start":{"line":325,"column":8},"end":{"line":345,"column":null}},"108":{"start":{"line":326,"column":23},"end":{"line":326,"column":null}},"109":{"start":{"line":327,"column":25},"end":{"line":327,"column":49}},"110":{"start":{"line":328,"column":10},"end":{"line":328,"column":null}},"111":{"start":{"line":329,"column":10},"end":{"line":329,"column":null}},"112":{"start":{"line":330,"column":10},"end":{"line":330,"column":null}},"113":{"start":{"line":332,"column":28},"end":{"line":332,"column":null}},"114":{"start":{"line":333,"column":10},"end":{"line":333,"column":null}},"115":{"start":{"line":335,"column":10},"end":{"line":337,"column":null}},"116":{"start":{"line":336,"column":12},"end":{"line":336,"column":null}},"117":{"start":{"line":339,"column":10},"end":{"line":339,"column":null}},"118":{"start":{"line":341,"column":10},"end":{"line":344,"column":null}},"119":{"start":{"line":342,"column":12},"end":{"line":342,"column":null}},"120":{"start":{"line":343,"column":12},"end":{"line":343,"column":null}},"121":{"start":{"line":347,"column":8},"end":{"line":347,"column":null}},"122":{"start":{"line":348,"column":8},"end":{"line":348,"column":null}},"123":{"start":{"line":350,"column":8},"end":{"line":353,"column":null}},"124":{"start":{"line":351,"column":10},"end":{"line":351,"column":null}},"125":{"start":{"line":352,"column":10},"end":{"line":352,"column":null}},"126":{"start":{"line":356,"column":6},"end":{"line":358,"column":null}},"127":{"start":{"line":357,"column":8},"end":{"line":357,"column":null}},"128":{"start":{"line":362,"column":28},"end":{"line":362,"column":null}},"129":{"start":{"line":363,"column":35},"end":{"line":364,"column":null}},"130":{"start":{"line":364,"column":35},"end":{"line":364,"column":null}},"131":{"start":{"line":366,"column":27},"end":{"line":366,"column":null}},"132":{"start":{"line":367,"column":34},"end":{"line":367,"column":null}},"133":{"start":{"line":368,"column":4},"end":{"line":368,"column":null}},"134":{"start":{"line":369,"column":4},"end":{"line":371,"column":null}},"135":{"start":{"line":370,"column":6},"end":{"line":370,"column":null}},"136":{"start":{"line":373,"column":29},"end":{"line":433,"column":null}},"137":{"start":{"line":376,"column":26},"end":{"line":376,"column":null}},"138":{"start":{"line":378,"column":27},"end":{"line":378,"column":78}},"139":{"start":{"line":379,"column":24},"end":{"line":395,"column":14}},"140":{"start":{"line":382,"column":16},"end":{"line":382,"column":null}},"141":{"start":{"line":382,"column":29},"end":{"line":382,"column":null}},"142":{"start":{"line":383,"column":16},"end":{"line":383,"column":null}},"143":{"start":{"line":383,"column":48},"end":{"line":383,"column":null}},"144":{"start":{"line":386,"column":18},"end":{"line":390,"column":null}},"145":{"start":{"line":391,"column":16},"end":{"line":391,"column":null}},"146":{"start":{"line":394,"column":38},"end":{"line":394,"column":null}},"147":{"start":{"line":397,"column":8},"end":{"line":397,"column":null}},"148":{"start":{"line":399,"column":8},"end":{"line":410,"column":null}},"149":{"start":{"line":413,"column":31},"end":{"line":413,"column":null}},"150":{"start":{"line":415,"column":8},"end":{"line":426,"column":null}},"151":{"start":{"line":425,"column":10},"end":{"line":425,"column":null}},"152":{"start":{"line":428,"column":8},"end":{"line":428,"column":null}},"153":{"start":{"line":429,"column":8},"end":{"line":429,"column":null}},"154":{"start":{"line":430,"column":8},"end":{"line":430,"column":null}},"155":{"start":{"line":432,"column":50},"end":{"line":432,"column":null}},"156":{"start":{"line":435,"column":4},"end":{"line":435,"column":null}},"157":{"start":{"line":437,"column":4},"end":{"line":454,"column":null}},"158":{"start":{"line":438,"column":6},"end":{"line":446,"column":null}},"159":{"start":{"line":439,"column":8},"end":{"line":444,"column":null}},"160":{"start":{"line":448,"column":6},"end":{"line":452,"column":null}},"161":{"start":{"line":457,"column":27},"end":{"line":457,"column":null}},"162":{"start":{"line":457,"column":70},"end":{"line":457,"column":94}},"163":{"start":{"line":459,"column":4},"end":{"line":466,"column":null}},"164":{"start":{"line":460,"column":6},"end":{"line":464,"column":null}},"165":{"start":{"line":468,"column":4},"end":{"line":487,"column":null}},"166":{"start":{"line":489,"column":4},"end":{"line":489,"column":null}},"167":{"start":{"line":490,"column":4},"end":{"line":492,"column":null}}},"fnMap":{"0":{"name":"normalizeText","decl":{"start":{"line":97,"column":9},"end":{"line":97,"column":23}},"loc":{"start":{"line":97,"column":36},"end":{"line":103,"column":null}}},"1":{"name":"getMoodTokens","decl":{"start":{"line":105,"column":9},"end":{"line":105,"column":23}},"loc":{"start":{"line":105,"column":35},"end":{"line":111,"column":null}}},"2":{"name":"(anonymous_4)","decl":{"start":{"line":109,"column":14},"end":{"line":109,"column":15}},"loc":{"start":{"line":109,"column":25},"end":{"line":109,"column":null}}},"3":{"name":"shouldFilterTrackTitle","decl":{"start":{"line":113,"column":9},"end":{"line":113,"column":32}},"loc":{"start":{"line":113,"column":59},"end":{"line":135,"column":null}}},"4":{"name":"(anonymous_6)","decl":{"start":{"line":121,"column":40},"end":{"line":121,"column":41}},"loc":{"start":{"line":121,"column":51},"end":{"line":121,"column":null}}},"5":{"name":"(anonymous_7)","decl":{"start":{"line":123,"column":4},"end":{"line":123,"column":5}},"loc":{"start":{"line":123,"column":15},"end":{"line":123,"column":null}}},"6":{"name":"isVariantReleaseTitle","decl":{"start":{"line":137,"column":9},"end":{"line":137,"column":31}},"loc":{"start":{"line":137,"column":44},"end":{"line":141,"column":null}}},"7":{"name":"getCanonicalTrackTitle","decl":{"start":{"line":143,"column":9},"end":{"line":143,"column":32}},"loc":{"start":{"line":143,"column":45},"end":{"line":159,"column":null}}},"8":{"name":"parseCsvValues","decl":{"start":{"line":161,"column":9},"end":{"line":161,"column":24}},"loc":{"start":{"line":161,"column":44},"end":{"line":170,"column":null}}},"9":{"name":"(anonymous_11)","decl":{"start":{"line":168,"column":9},"end":{"line":168,"column":10}},"loc":{"start":{"line":168,"column":19},"end":{"line":168,"column":null}}},"10":{"name":"(anonymous_12)","decl":{"start":{"line":169,"column":12},"end":{"line":169,"column":13}},"loc":{"start":{"line":169,"column":22},"end":{"line":169,"column":null}}},"11":{"name":"getFallbackSearchQueries","decl":{"start":{"line":172,"column":9},"end":{"line":172,"column":34}},"loc":{"start":{"line":172,"column":46},"end":{"line":179,"column":null}}},"12":{"name":"parseCoordinate","decl":{"start":{"line":181,"column":9},"end":{"line":181,"column":25}},"loc":{"start":{"line":181,"column":45},"end":{"line":188,"column":null}}},"13":{"name":"delay","decl":{"start":{"line":190,"column":9},"end":{"line":190,"column":15}},"loc":{"start":{"line":190,"column":25},"end":{"line":192,"column":null}}},"14":{"name":"(anonymous_16)","decl":{"start":{"line":191,"column":21},"end":{"line":191,"column":22}},"loc":{"start":{"line":191,"column":34},"end":{"line":191,"column":null}}},"15":{"name":"normalizeMoodInput","decl":{"start":{"line":194,"column":9},"end":{"line":194,"column":28}},"loc":{"start":{"line":194,"column":40},"end":{"line":217,"column":null}}},"16":{"name":"(anonymous_18)","decl":{"start":{"line":203,"column":20},"end":{"line":203,"column":21}},"loc":{"start":{"line":203,"column":21},"end":{"line":210,"column":null}}},"17":{"name":"GET","decl":{"start":{"line":219,"column":22},"end":{"line":219,"column":26}},"loc":{"start":{"line":219,"column":46},"end":{"line":495,"column":null}}},"18":{"name":"(anonymous_20)","decl":{"start":{"line":278,"column":29},"end":{"line":278,"column":null}},"loc":{"start":{"line":278,"column":29},"end":{"line":290,"column":null}}},"19":{"name":"(anonymous_21)","decl":{"start":{"line":293,"column":28},"end":{"line":293,"column":29}},"loc":{"start":{"line":293,"column":38},"end":{"line":293,"column":68}}},"20":{"name":"(anonymous_22)","decl":{"start":{"line":364,"column":24},"end":{"line":364,"column":25}},"loc":{"start":{"line":364,"column":35},"end":{"line":364,"column":null}}},"21":{"name":"(anonymous_23)","decl":{"start":{"line":374,"column":11},"end":{"line":374,"column":12}},"loc":{"start":{"line":374,"column":12},"end":{"line":411,"column":null}}},"22":{"name":"(anonymous_24)","decl":{"start":{"line":381,"column":19},"end":{"line":381,"column":20}},"loc":{"start":{"line":381,"column":20},"end":{"line":392,"column":null}}},"23":{"name":"(anonymous_25)","decl":{"start":{"line":394,"column":19},"end":{"line":394,"column":20}},"loc":{"start":{"line":394,"column":38},"end":{"line":394,"column":null}}},"24":{"name":"(anonymous_26)","decl":{"start":{"line":412,"column":14},"end":{"line":412,"column":15}},"loc":{"start":{"line":412,"column":15},"end":{"line":431,"column":null}}},"25":{"name":"(anonymous_27)","decl":{"start":{"line":432,"column":11},"end":{"line":432,"column":12}},"loc":{"start":{"line":432,"column":50},"end":{"line":432,"column":null}}},"26":{"name":"(anonymous_28)","decl":{"start":{"line":457,"column":61},"end":{"line":457,"column":70}},"loc":{"start":{"line":457,"column":70},"end":{"line":457,"column":94}}}},"branchMap":{"0":{"loc":{"start":{"line":115,"column":2},"end":{"line":117,"column":null}},"type":"if","locations":[{"start":{"line":115,"column":2},"end":{"line":117,"column":null}}]},"1":{"loc":{"start":{"line":123,"column":15},"end":{"line":123,"column":null}},"type":"binary-expr","locations":[{"start":{"line":123,"column":15},"end":{"line":123,"column":47}},{"start":{"line":123,"column":47},"end":{"line":123,"column":null}}]},"2":{"loc":{"start":{"line":126,"column":2},"end":{"line":128,"column":null}},"type":"if","locations":[{"start":{"line":126,"column":2},"end":{"line":128,"column":null}}]},"3":{"loc":{"start":{"line":130,"column":2},"end":{"line":132,"column":null}},"type":"if","locations":[{"start":{"line":130,"column":2},"end":{"line":132,"column":null}}]},"4":{"loc":{"start":{"line":130,"column":6},"end":{"line":130,"column":47}},"type":"binary-expr","locations":[{"start":{"line":130,"column":6},"end":{"line":130,"column":22}},{"start":{"line":130,"column":22},"end":{"line":130,"column":47}}]},"5":{"loc":{"start":{"line":162,"column":2},"end":{"line":164,"column":null}},"type":"if","locations":[{"start":{"line":162,"column":2},"end":{"line":164,"column":null}}]},"6":{"loc":{"start":{"line":174,"column":2},"end":{"line":176,"column":null}},"type":"if","locations":[{"start":{"line":174,"column":2},"end":{"line":176,"column":null}}]},"7":{"loc":{"start":{"line":182,"column":2},"end":{"line":184,"column":null}},"type":"if","locations":[{"start":{"line":182,"column":2},"end":{"line":184,"column":null}}]},"8":{"loc":{"start":{"line":187,"column":9},"end":{"line":187,"column":null}},"type":"cond-expr","locations":[{"start":{"line":187,"column":35},"end":{"line":187,"column":44}},{"start":{"line":187,"column":44},"end":{"line":187,"column":null}}]},"9":{"loc":{"start":{"line":197,"column":2},"end":{"line":199,"column":null}},"type":"if","locations":[{"start":{"line":197,"column":2},"end":{"line":199,"column":null}}]},"10":{"loc":{"start":{"line":202,"column":4},"end":{"line":213,"column":null}},"type":"if","locations":[{"start":{"line":202,"column":4},"end":{"line":213,"column":null}}]},"11":{"loc":{"start":{"line":206,"column":10},"end":{"line":208,"column":null}},"type":"binary-expr","locations":[{"start":{"line":206,"column":10},"end":{"line":206,"column":null}},{"start":{"line":207,"column":10},"end":{"line":207,"column":null}},{"start":{"line":208,"column":10},"end":{"line":208,"column":null}}]},"12":{"loc":{"start":{"line":226,"column":21},"end":{"line":226,"column":null}},"type":"binary-expr","locations":[{"start":{"line":226,"column":21},"end":{"line":226,"column":61}},{"start":{"line":226,"column":61},"end":{"line":226,"column":null}}]},"13":{"loc":{"start":{"line":227,"column":31},"end":{"line":227,"column":null}},"type":"binary-expr","locations":[{"start":{"line":227,"column":31},"end":{"line":227,"column":81}},{"start":{"line":227,"column":81},"end":{"line":227,"column":null}}]},"14":{"loc":{"start":{"line":228,"column":24},"end":{"line":228,"column":null}},"type":"binary-expr","locations":[{"start":{"line":228,"column":24},"end":{"line":228,"column":59}},{"start":{"line":228,"column":59},"end":{"line":228,"column":null}}]},"15":{"loc":{"start":{"line":233,"column":4},"end":{"line":235,"column":null}},"type":"if","locations":[{"start":{"line":233,"column":4},"end":{"line":235,"column":null}}]},"16":{"loc":{"start":{"line":233,"column":8},"end":{"line":233,"column":71}},"type":"binary-expr","locations":[{"start":{"line":233,"column":8},"end":{"line":233,"column":17}},{"start":{"line":233,"column":17},"end":{"line":233,"column":45}},{"start":{"line":233,"column":45},"end":{"line":233,"column":71}}]},"17":{"loc":{"start":{"line":241,"column":4},"end":{"line":247,"column":null}},"type":"if","locations":[{"start":{"line":241,"column":4},"end":{"line":247,"column":null}}]},"18":{"loc":{"start":{"line":250,"column":6},"end":{"line":252,"column":null}},"type":"cond-expr","locations":[{"start":{"line":251,"column":10},"end":{"line":251,"column":null}},{"start":{"line":252,"column":10},"end":{"line":252,"column":null}}]},"19":{"loc":{"start":{"line":250,"column":6},"end":{"line":250,"column":null}},"type":"binary-expr","locations":[{"start":{"line":250,"column":6},"end":{"line":250,"column":27}},{"start":{"line":250,"column":27},"end":{"line":250,"column":null}}]},"20":{"loc":{"start":{"line":262,"column":23},"end":{"line":262,"column":null}},"type":"binary-expr","locations":[{"start":{"line":262,"column":23},"end":{"line":262,"column":36}},{"start":{"line":262,"column":36},"end":{"line":262,"column":61}},{"start":{"line":262,"column":61},"end":{"line":262,"column":null}}]},"21":{"loc":{"start":{"line":280,"column":6},"end":{"line":282,"column":null}},"type":"if","locations":[{"start":{"line":280,"column":6},"end":{"line":282,"column":null}}]},"22":{"loc":{"start":{"line":292,"column":36},"end":{"line":294,"column":null}},"type":"cond-expr","locations":[{"start":{"line":293,"column":8},"end":{"line":293,"column":null}},{"start":{"line":294,"column":8},"end":{"line":294,"column":null}}]},"23":{"loc":{"start":{"line":306,"column":6},"end":{"line":306,"column":null}},"type":"if","locations":[{"start":{"line":306,"column":6},"end":{"line":306,"column":null}}]},"24":{"loc":{"start":{"line":318,"column":30},"end":{"line":318,"column":null}},"type":"binary-expr","locations":[{"start":{"line":318,"column":30},"end":{"line":318,"column":47}},{"start":{"line":318,"column":47},"end":{"line":318,"column":null}}]},"25":{"loc":{"start":{"line":325,"column":8},"end":{"line":345,"column":null}},"type":"if","locations":[{"start":{"line":325,"column":8},"end":{"line":345,"column":null}},{"start":{"line":331,"column":15},"end":{"line":345,"column":null}}]},"26":{"loc":{"start":{"line":327,"column":25},"end":{"line":327,"column":49}},"type":"binary-expr","locations":[{"start":{"line":327,"column":25},"end":{"line":327,"column":47}},{"start":{"line":327,"column":47},"end":{"line":327,"column":49}}]},"27":{"loc":{"start":{"line":335,"column":10},"end":{"line":337,"column":null}},"type":"if","locations":[{"start":{"line":335,"column":10},"end":{"line":337,"column":null}}]},"28":{"loc":{"start":{"line":335,"column":14},"end":{"line":335,"column":96}},"type":"binary-expr","locations":[{"start":{"line":335,"column":14},"end":{"line":335,"column":41}},{"start":{"line":335,"column":41},"end":{"line":335,"column":96}}]},"29":{"loc":{"start":{"line":341,"column":10},"end":{"line":344,"column":null}},"type":"if","locations":[{"start":{"line":341,"column":10},"end":{"line":344,"column":null}}]},"30":{"loc":{"start":{"line":341,"column":14},"end":{"line":341,"column":67}},"type":"binary-expr","locations":[{"start":{"line":341,"column":14},"end":{"line":341,"column":35}},{"start":{"line":341,"column":35},"end":{"line":341,"column":67}}]},"31":{"loc":{"start":{"line":350,"column":8},"end":{"line":353,"column":null}},"type":"if","locations":[{"start":{"line":350,"column":8},"end":{"line":353,"column":null}}]},"32":{"loc":{"start":{"line":356,"column":6},"end":{"line":358,"column":null}},"type":"if","locations":[{"start":{"line":356,"column":6},"end":{"line":358,"column":null}}]},"33":{"loc":{"start":{"line":362,"column":54},"end":{"line":362,"column":78}},"type":"cond-expr","locations":[{"start":{"line":362,"column":64},"end":{"line":362,"column":76}},{"start":{"line":362,"column":76},"end":{"line":362,"column":78}}]},"34":{"loc":{"start":{"line":369,"column":4},"end":{"line":371,"column":null}},"type":"if","locations":[{"start":{"line":369,"column":4},"end":{"line":371,"column":null}}]},"35":{"loc":{"start":{"line":376,"column":26},"end":{"line":376,"column":null}},"type":"binary-expr","locations":[{"start":{"line":376,"column":26},"end":{"line":376,"column":36}},{"start":{"line":376,"column":40},"end":{"line":376,"column":null}}]},"36":{"loc":{"start":{"line":378,"column":27},"end":{"line":378,"column":78}},"type":"binary-expr","locations":[{"start":{"line":378,"column":27},"end":{"line":378,"column":55}},{"start":{"line":378,"column":55},"end":{"line":378,"column":72}},{"start":{"line":378,"column":76},"end":{"line":378,"column":78}}]},"37":{"loc":{"start":{"line":379,"column":24},"end":{"line":395,"column":14}},"type":"cond-expr","locations":[{"start":{"line":380,"column":12},"end":{"line":394,"column":null}},{"start":{"line":395,"column":12},"end":{"line":395,"column":14}}]},"38":{"loc":{"start":{"line":382,"column":16},"end":{"line":382,"column":null}},"type":"if","locations":[{"start":{"line":382,"column":16},"end":{"line":382,"column":null}}]},"39":{"loc":{"start":{"line":383,"column":16},"end":{"line":383,"column":null}},"type":"if","locations":[{"start":{"line":383,"column":16},"end":{"line":383,"column":null}}]},"40":{"loc":{"start":{"line":386,"column":18},"end":{"line":390,"column":null}},"type":"binary-expr","locations":[{"start":{"line":386,"column":18},"end":{"line":386,"column":29}},{"start":{"line":387,"column":18},"end":{"line":387,"column":null}},{"start":{"line":388,"column":18},"end":{"line":388,"column":null}},{"start":{"line":389,"column":18},"end":{"line":389,"column":30}},{"start":{"line":390,"column":18},"end":{"line":390,"column":null}}]},"41":{"loc":{"start":{"line":401,"column":49},"end":{"line":401,"column":null}},"type":"binary-expr","locations":[{"start":{"line":401,"column":49},"end":{"line":401,"column":63}},{"start":{"line":401,"column":67},"end":{"line":401,"column":null}}]},"42":{"loc":{"start":{"line":403,"column":19},"end":{"line":403,"column":null}},"type":"cond-expr","locations":[{"start":{"line":403,"column":40},"end":{"line":403,"column":50}},{"start":{"line":403,"column":50},"end":{"line":403,"column":null}}]},"43":{"loc":{"start":{"line":405,"column":18},"end":{"line":405,"column":null}},"type":"binary-expr","locations":[{"start":{"line":405,"column":18},"end":{"line":405,"column":50}},{"start":{"line":405,"column":50},"end":{"line":405,"column":75}},{"start":{"line":405,"column":75},"end":{"line":405,"column":null}}]},"44":{"loc":{"start":{"line":406,"column":20},"end":{"line":406,"column":null}},"type":"binary-expr","locations":[{"start":{"line":406,"column":20},"end":{"line":406,"column":65}},{"start":{"line":406,"column":65},"end":{"line":406,"column":92}},{"start":{"line":406,"column":92},"end":{"line":406,"column":null}}]},"45":{"loc":{"start":{"line":408,"column":25},"end":{"line":408,"column":null}},"type":"binary-expr","locations":[{"start":{"line":408,"column":25},"end":{"line":408,"column":48}},{"start":{"line":408,"column":52},"end":{"line":408,"column":null}}]},"46":{"loc":{"start":{"line":413,"column":31},"end":{"line":413,"column":null}},"type":"binary-expr","locations":[{"start":{"line":413,"column":31},"end":{"line":413,"column":51}},{"start":{"line":413,"column":55},"end":{"line":413,"column":null}}]},"47":{"loc":{"start":{"line":413,"column":69},"end":{"line":413,"column":null}},"type":"binary-expr","locations":[{"start":{"line":413,"column":69},"end":{"line":413,"column":79}},{"start":{"line":413,"column":83},"end":{"line":413,"column":null}}]},"48":{"loc":{"start":{"line":415,"column":8},"end":{"line":426,"column":null}},"type":"if","locations":[{"start":{"line":415,"column":8},"end":{"line":426,"column":null}}]},"49":{"loc":{"start":{"line":416,"column":10},"end":{"line":423,"column":null}},"type":"binary-expr","locations":[{"start":{"line":416,"column":10},"end":{"line":416,"column":19}},{"start":{"line":417,"column":10},"end":{"line":417,"column":21}},{"start":{"line":418,"column":10},"end":{"line":418,"column":null}},{"start":{"line":419,"column":10},"end":{"line":419,"column":null}},{"start":{"line":420,"column":10},"end":{"line":420,"column":null}},{"start":{"line":421,"column":10},"end":{"line":421,"column":null}},{"start":{"line":422,"column":10},"end":{"line":422,"column":null}},{"start":{"line":423,"column":10},"end":{"line":423,"column":null}}]},"50":{"loc":{"start":{"line":437,"column":4},"end":{"line":454,"column":null}},"type":"if","locations":[{"start":{"line":437,"column":4},"end":{"line":454,"column":null}}]},"51":{"loc":{"start":{"line":438,"column":6},"end":{"line":446,"column":null}},"type":"if","locations":[{"start":{"line":438,"column":6},"end":{"line":446,"column":null}}]},"52":{"loc":{"start":{"line":457,"column":27},"end":{"line":457,"column":null}},"type":"cond-expr","locations":[{"start":{"line":457,"column":37},"end":{"line":457,"column":94}},{"start":{"line":457,"column":94},"end":{"line":457,"column":null}}]},"53":{"loc":{"start":{"line":459,"column":4},"end":{"line":466,"column":null}},"type":"if","locations":[{"start":{"line":459,"column":4},"end":{"line":466,"column":null}}]},"54":{"loc":{"start":{"line":477,"column":17},"end":{"line":479,"column":31}},"type":"cond-expr","locations":[{"start":{"line":478,"column":12},"end":{"line":478,"column":78}},{"start":{"line":479,"column":12},"end":{"line":479,"column":31}}]},"55":{"loc":{"start":{"line":480,"column":17},"end":{"line":485,"column":null}},"type":"cond-expr","locations":[{"start":{"line":481,"column":12},"end":{"line":484,"column":null}},{"start":{"line":485,"column":12},"end":{"line":485,"column":null}}]}},"s":{"0":8,"1":1,"2":1,"3":1,"4":1,"5":1,"6":1,"7":1,"8":39,"9":2,"10":2,"11":2,"12":2,"13":0,"14":2,"15":2,"16":2,"17":6,"18":2,"19":2,"20":2,"21":0,"22":2,"23":0,"24":2,"25":16,"26":16,"27":17,"28":16,"29":14,"30":2,"31":2,"32":2,"33":6,"34":6,"35":6,"36":0,"37":24,"38":24,"39":0,"40":0,"41":24,"42":24,"43":6,"44":6,"45":0,"46":6,"47":9,"48":29,"49":29,"50":6,"51":0,"52":8,"53":8,"54":8,"55":8,"56":8,"57":8,"58":8,"59":8,"60":8,"61":8,"62":8,"63":8,"64":8,"65":2,"66":6,"67":6,"68":6,"69":0,"70":0,"71":6,"72":6,"73":6,"74":6,"75":6,"76":6,"77":6,"78":6,"79":6,"80":0,"81":0,"82":0,"83":6,"84":6,"85":6,"86":6,"87":6,"88":0,"89":6,"90":0,"91":6,"92":6,"93":6,"94":6,"95":6,"96":6,"97":24,"98":0,"99":24,"100":24,"101":24,"102":24,"103":24,"104":24,"105":24,"106":24,"107":24,"108":20,"109":20,"110":20,"111":20,"112":20,"113":4,"114":4,"115":4,"116":0,"117":4,"118":4,"119":0,"120":0,"121":0,"122":0,"123":0,"124":0,"125":0,"126":24,"127":24,"128":6,"129":6,"130":1,"131":6,"132":6,"133":6,"134":6,"135":4,"136":6,"137":16,"138":16,"139":16,"140":16,"141":0,"142":16,"143":0,"144":16,"145":16,"146":16,"147":16,"148":16,"149":16,"150":16,"151":14,"152":2,"153":2,"154":2,"155":2,"156":6,"157":6,"158":4,"159":0,"160":4,"161":2,"162":0,"163":2,"164":0,"165":2,"166":0,"167":0},"f":{"0":39,"1":2,"2":2,"3":2,"4":6,"5":2,"6":16,"7":17,"8":16,"9":2,"10":2,"11":6,"12":24,"13":24,"14":24,"15":6,"16":29,"17":8,"18":6,"19":0,"20":1,"21":16,"22":16,"23":16,"24":16,"25":2,"26":0},"b":{"0":[0],"1":[2,2],"2":[0],"3":[0],"4":[2,0],"5":[14],"6":[6],"7":[24],"8":[0,0],"9":[0],"10":[6],"11":[29,23,23],"12":[8,7],"13":[8,7],"14":[8,8],"15":[2],"16":[8,7,7],"17":[0],"18":[0,6],"19":[6,0],"20":[6,6,5],"21":[6],"22":[0,6],"23":[0],"24":[24,0],"25":[20,4],"26":[20,0],"27":[0],"28":[4,4],"29":[0],"30":[4,0],"31":[0],"32":[24],"33":[0,6],"34":[4],"35":[16,0],"36":[16,0,0],"37":[16,0],"38":[0],"39":[0],"40":[16,16,0,0,0],"41":[16,0],"42":[16,0],"43":[16,0,0],"44":[16,0,0],"45":[16,0],"46":[16,0],"47":[0,0],"48":[14],"49":[16,16,16,12,8,2,2,2],"50":[4],"51":[0],"52":[0,2],"53":[0],"54":[0,2],"55":[0,2]}}
,"/Users/elizabethcarrsco/Documents/MoodMusicApp/nextjs-boilerplate/ai_project/mood-music-recommender/src/app/components/MoodSelector.tsx": {"path":"/Users/elizabethcarrsco/Documents/MoodMusicApp/nextjs-boilerplate/ai_project/mood-music-recommender/src/app/components/MoodSelector.tsx","statementMap":{"0":{"start":{"line":11,"column":24},"end":{"line":11,"column":37}},"1":{"start":{"line":3,"column":25},"end":{"line":3,"column":null}},"2":{"start":{"line":12,"column":28},"end":{"line":12,"column":null}},"3":{"start":{"line":13,"column":28},"end":{"line":13,"column":null}},"4":{"start":{"line":15,"column":23},"end":{"line":26,"column":null}},"5":{"start":{"line":16,"column":4},"end":{"line":16,"column":null}},"6":{"start":{"line":17,"column":14},"end":{"line":17,"column":null}},"7":{"start":{"line":18,"column":4},"end":{"line":21,"column":null}},"8":{"start":{"line":19,"column":6},"end":{"line":19,"column":null}},"9":{"start":{"line":20,"column":6},"end":{"line":20,"column":null}},"10":{"start":{"line":23,"column":4},"end":{"line":23,"column":null}},"11":{"start":{"line":24,"column":4},"end":{"line":24,"column":null}},"12":{"start":{"line":25,"column":4},"end":{"line":25,"column":18}},"13":{"start":{"line":37,"column":27},"end":{"line":37,"column":null}}},"fnMap":{"0":{"name":"MoodSelector","decl":{"start":{"line":11,"column":24},"end":{"line":11,"column":37}},"loc":{"start":{"line":11,"column":86},"end":{"line":61,"column":null}}},"1":{"name":"(anonymous_2)","decl":{"start":{"line":15,"column":23},"end":{"line":15,"column":24}},"loc":{"start":{"line":15,"column":24},"end":{"line":26,"column":null}}},"2":{"name":"(anonymous_3)","decl":{"start":{"line":37,"column":20},"end":{"line":37,"column":21}},"loc":{"start":{"line":37,"column":27},"end":{"line":37,"column":null}}}},"branchMap":{"0":{"loc":{"start":{"line":18,"column":4},"end":{"line":21,"column":null}},"type":"if","locations":[{"start":{"line":18,"column":4},"end":{"line":21,"column":null}}]},"1":{"loc":{"start":{"line":50,"column":7},"end":{"line":50,"column":16}},"type":"binary-expr","locations":[{"start":{"line":50,"column":7},"end":{"line":50,"column":16}}]},"2":{"loc":{"start":{"line":52,"column":7},"end":{"line":52,"column":null}},"type":"binary-expr","locations":[{"start":{"line":52,"column":7},"end":{"line":52,"column":null}}]}},"s":{"0":8,"1":1,"2":9,"3":9,"4":9,"5":1,"6":1,"7":1,"8":0,"9":0,"10":1,"11":1,"12":1,"13":1},"f":{"0":9,"1":1,"2":1},"b":{"0":[0],"1":[9],"2":[9]}}
,"/Users/elizabethcarrsco/Documents/MoodMusicApp/nextjs-boilerplate/ai_project/mood-music-recommender/src/app/components/MusicPlayer.tsx": {"path":"/Users/elizabethcarrsco/Documents/MoodMusicApp/nextjs-boilerplate/ai_project/mood-music-recommender/src/app/components/MusicPlayer.tsx","statementMap":{"0":{"start":{"line":13,"column":24},"end":{"line":13,"column":36}},"1":{"start":{"line":3,"column":38},"end":{"line":3,"column":null}},"2":{"start":{"line":14,"column":23},"end":{"line":14,"column":48}},"3":{"start":{"line":15,"column":58},"end":{"line":15,"column":null}},"4":{"start":{"line":17,"column":4},"end":{"line":19,"column":null}},"5":{"start":{"line":18,"column":6},"end":{"line":18,"column":null}},"6":{"start":{"line":21,"column":2},"end":{"line":27,"column":null}},"7":{"start":{"line":29,"column":24},"end":{"line":29,"column":null}},"8":{"start":{"line":30,"column":20},"end":{"line":30,"column":null}},"9":{"start":{"line":32,"column":31},"end":{"line":38,"column":null}},"10":{"start":{"line":33,"column":24},"end":{"line":33,"column":null}},"11":{"start":{"line":34,"column":4},"end":{"line":34,"column":null}},"12":{"start":{"line":34,"column":33},"end":{"line":34,"column":null}},"13":{"start":{"line":35,"column":20},"end":{"line":35,"column":null}},"14":{"start":{"line":36,"column":4},"end":{"line":36,"column":null}},"15":{"start":{"line":36,"column":21},"end":{"line":36,"column":null}},"16":{"start":{"line":37,"column":4},"end":{"line":37,"column":null}},"17":{"start":{"line":40,"column":24},"end":{"line":61,"column":null}},"18":{"start":{"line":41,"column":34},"end":{"line":41,"column":36}},"19":{"start":{"line":43,"column":4},"end":{"line":56,"column":null}},"20":{"start":{"line":44,"column":6},"end":{"line":55,"column":null}},"21":{"start":{"line":45,"column":8},"end":{"line":45,"column":null}},"22":{"start":{"line":45,"column":21},"end":{"line":45,"column":null}},"23":{"start":{"line":46,"column":8},"end":{"line":54,"column":null}},"24":{"start":{"line":47,"column":10},"end":{"line":47,"column":null}},"25":{"start":{"line":48,"column":15},"end":{"line":54,"column":null}},"26":{"start":{"line":49,"column":27},"end":{"line":49,"column":null}},"27":{"start":{"line":50,"column":10},"end":{"line":53,"column":null}},"28":{"start":{"line":50,"column":24},"end":{"line":50,"column":null}},"29":{"start":{"line":51,"column":15},"end":{"line":53,"column":null}},"30":{"start":{"line":51,"column":38},"end":{"line":51,"column":null}},"31":{"start":{"line":52,"column":15},"end":{"line":53,"column":null}},"32":{"start":{"line":52,"column":37},"end":{"line":52,"column":null}},"33":{"start":{"line":53,"column":15},"end":{"line":53,"column":null}},"34":{"start":{"line":53,"column":30},"end":{"line":53,"column":null}},"35":{"start":{"line":58,"column":20},"end":{"line":58,"column":null}},"36":{"start":{"line":59,"column":4},"end":{"line":59,"column":null}},"37":{"start":{"line":59,"column":28},"end":{"line":59,"column":null}},"38":{"start":{"line":60,"column":4},"end":{"line":60,"column":null}},"39":{"start":{"line":63,"column":25},"end":{"line":63,"column":null}},"40":{"start":{"line":86,"column":30},"end":{"line":86,"column":69}},"41":{"start":{"line":87,"column":12},"end":{"line":87,"column":null}},"42":{"start":{"line":111,"column":34},"end":{"line":111,"column":null}},"43":{"start":{"line":112,"column":16},"end":{"line":112,"column":null}},"44":{"start":{"line":121,"column":34},"end":{"line":121,"column":73}},"45":{"start":{"line":122,"column":16},"end":{"line":122,"column":null}},"46":{"start":{"line":139,"column":33},"end":{"line":139,"column":null}},"47":{"start":{"line":146,"column":14},"end":{"line":153,"column":null}},"48":{"start":{"line":147,"column":16},"end":{"line":151,"column":null}},"49":{"start":{"line":166,"column":34},"end":{"line":166,"column":null}},"50":{"start":{"line":167,"column":10},"end":{"line":169,"column":null}},"51":{"start":{"line":170,"column":29},"end":{"line":170,"column":null}}},"fnMap":{"0":{"name":"MusicPlayer","decl":{"start":{"line":13,"column":24},"end":{"line":13,"column":36}},"loc":{"start":{"line":13,"column":120},"end":{"line":186,"column":null}}},"1":{"name":"(anonymous_2)","decl":{"start":{"line":17,"column":14},"
[...]
ood-music-recommender/src/lib/weatherContext.ts","statementMap":{"0":{"start":{"line":199,"column":16},"end":{"line":199,"column":32}},"1":{"start":{"line":160,"column":22},"end":{"line":160,"column":41}},"2":{"start":{"line":251,"column":16},"end":{"line":251,"column":44}},"3":{"start":{"line":234,"column":16},"end":{"line":234,"column":36}},"4":{"start":{"line":13,"column":25},"end":{"line":13,"column":null}},"5":{"start":{"line":16,"column":2},"end":{"line":18,"column":null}},"6":{"start":{"line":17,"column":4},"end":{"line":17,"column":null}},"7":{"start":{"line":20,"column":2},"end":{"line":22,"column":null}},"8":{"start":{"line":21,"column":4},"end":{"line":21,"column":null}},"9":{"start":{"line":24,"column":2},"end":{"line":26,"column":null}},"10":{"start":{"line":25,"column":4},"end":{"line":25,"column":null}},"11":{"start":{"line":28,"column":2},"end":{"line":30,"column":null}},"12":{"start":{"line":29,"column":4},"end":{"line":29,"column":null}},"13":{"start":{"line":32,"column":2},"end":{"line":32,"column":null}},"14":{"start":{"line":36,"column":2},"end":{"line":40,"column":null}},"15":{"start":{"line":37,"column":4},"end":{"line":39,"column":null}},"16":{"start":{"line":38,"column":6},"end":{"line":38,"column":null}},"17":{"start":{"line":42,"column":2},"end":{"line":42,"column":null}},"18":{"start":{"line":46,"column":2},"end":{"line":57,"column":null}},"19":{"start":{"line":47,"column":4},"end":{"line":49,"column":null}},"20":{"start":{"line":48,"column":6},"end":{"line":48,"column":null}},"21":{"start":{"line":51,"column":4},"end":{"line":56,"column":null}},"22":{"start":{"line":52,"column":21},"end":{"line":52,"column":null}},"23":{"start":{"line":53,"column":6},"end":{"line":55,"column":null}},"24":{"start":{"line":54,"column":8},"end":{"line":54,"column":null}},"25":{"start":{"line":59,"column":2},"end":{"line":59,"column":null}},"26":{"start":{"line":63,"column":15},"end":{"line":63,"column":null}},"27":{"start":{"line":64,"column":20},"end":{"line":73,"column":null}},"28":{"start":{"line":75,"column":2},"end":{"line":77,"column":null}},"29":{"start":{"line":76,"column":4},"end":{"line":76,"column":null}},"30":{"start":{"line":79,"column":23},"end":{"line":86,"column":null}},"31":{"start":{"line":88,"column":2},"end":{"line":92,"column":null}},"32":{"start":{"line":96,"column":19},"end":{"line":96,"column":55}},"33":{"start":{"line":98,"column":2},"end":{"line":100,"column":null}},"34":{"start":{"line":99,"column":4},"end":{"line":99,"column":null}},"35":{"start":{"line":102,"column":2},"end":{"line":104,"column":null}},"36":{"start":{"line":108,"column":20},"end":{"line":108,"column":null}},"37":{"start":{"line":110,"column":2},"end":{"line":116,"column":null}},"38":{"start":{"line":111,"column":4},"end":{"line":113,"column":null}},"39":{"start":{"line":112,"column":6},"end":{"line":112,"column":null}},"40":{"start":{"line":115,"column":4},"end":{"line":115,"column":null}},"41":{"start":{"line":118,"column":2},"end":{"line":125,"column":null}},"42":{"start":{"line":124,"column":4},"end":{"line":124,"column":null}},"43":{"start":{"line":127,"column":2},"end":{"line":129,"column":null}},"44":{"start":{"line":128,"column":4},"end":{"line":128,"column":null}},"45":{"start":{"line":131,"column":2},"end":{"line":133,"column":null}},"46":{"start":{"line":132,"column":4},"end":{"line":132,"column":null}},"47":{"start":{"line":135,"column":2},"end":{"line":137,"column":null}},"48":{"start":{"line":136,"column":4},"end":{"line":136,"column":null}},"49":{"start":{"line":139,"column":2},"end":{"line":147,"column":null}},"50":{"start":{"line":140,"column":4},"end":{"line":142,"column":null}},"51":{"start":{"line":141,"column":6},"end":{"line":141,"column":null}},"52":{"start":{"line":144,"column":4},"end":{"line":146,"column":null}},"53":{"start":{"line":145,"column":6},"end":{"line":145,"column":null}},"54":{"start":{"line":149,"column":2},"end":{"line":151,"column":null}},"55":{"start":{"line":150,"column":4},"end":{"line":150,"column":null}},"56":{"start":{"line":153,"column":2},"end":{"line":155,"column":null}},"57":{"start":{"line":154,"column":4},"end":{"line":154,"column":null}},"58":{"start":{"line":157,"column":2},"end":{"line":157,"column":null}},"59":{"start":{"line":164,"column":14},"end":{"line":164,"column":null}},"60":{"start":{"line":165,"column":17},"end":{"line":165,"column":42}},"61":{"start":{"line":167,"column":2},"end":{"line":169,"column":null}},"62":{"start":{"line":168,"column":4},"end":{"line":168,"column":null}},"63":{"start":{"line":171,"column":2},"end":{"line":196,"column":null}},"64":{"start":{"line":172,"column":21},"end":{"line":178,"column":null}},"65":{"start":{"line":180,"column":4},"end":{"line":183,"column":null}},"66":{"start":{"line":181,"column":6},"end":{"line":181,"column":null}},"67":{"start":{"line":182,"column":6},"end":{"line":182,"column":null}},"68":{"start":{"line":185,"column":20},"end":{"line":185,"column":null}},"69":{"start":{"line":186,"column":23},"end":{"line":186,"column":null}},"70":{"start":{"line":188,"column":4},"end":{"line":190,"column":null}},"71":{"start":{"line":189,"column":6},"end":{"line":189,"column":null}},"72":{"start":{"line":192,"column":4},"end":{"line":192,"column":null}},"73":{"start":{"line":194,"column":4},"end":{"line":194,"column":null}},"74":{"start":{"line":195,"column":4},"end":{"line":195,"column":null}},"75":{"start":{"line":204,"column":22},"end":{"line":204,"column":null}},"76":{"start":{"line":205,"column":20},"end":{"line":205,"column":null}},"77":{"start":{"line":207,"column":2},"end":{"line":222,"column":null}},"78":{"start":{"line":209,"column":6},"end":{"line":215,"column":null}},"79":{"start":{"line":217,"column":4},"end":{"line":221,"column":null}},"80":{"start":{"line":224,"column":22},"end":{"line":224,"column":null}},"81":{"start":{"line":225,"column":24},"end":{"line":225,"column":73}},"82":{"start":{"line":227,"column":2},"end":{"line":231,"column":null}},"83":{"start":{"line":238,"column":2},"end":{"line":244,"column":null}},"84":{"start":{"line":239,"column":22},"end":{"line":239,"column":null}},"85":{"start":{"line":240,"column":4},"end":{"line":240,"column":null}},"86":{"start":{"line":240,"column":33},"end":{"line":240,"column":null}},"87":{"start":{"line":241,"column":4},"end":{"line":241,"column":null}},"88":{"start":{"line":241,"column":35},"end":{"line":241,"column":null}},"89":{"start":{"line":242,"column":4},"end":{"line":242,"column":null}},"90":{"start":{"line":242,"column":33},"end":{"line":242,"column":null}},"91":{"start":{"line":243,"column":4},"end":{"line":243,"column":null}},"92":{"start":{"line":246,"column":22},"end":{"line":246,"column":null}},"93":{"start":{"line":247,"column":20},"end":{"line":247,"column":null}},"94":{"start":{"line":248,"column":2},"end":{"line":248,"column":null}},"95":{"start":{"line":257,"column":18},"end":{"line":257,"column":null}},"96":{"start":{"line":259,"column":2},"end":{"line":263,"column":null}},"97":{"start":{"line":260,"column":22},"end":{"line":260,"column":null}},"98":{"start":{"line":261,"column":4},"end":{"line":261,"column":null}},"99":{"start":{"line":262,"column":4},"end":{"line":262,"column":null}},"100":{"start":{"line":265,"column":2},"end":{"line":269,"column":null}},"101":{"start":{"line":268,"column":24},"end":{"line":268,"column":null}},"102":{"start":{"line":269,"column":27},"end":{"line":269,"column":null}}},"fnMap":{"0":{"name":"getTimeOfDay","decl":{"start":{"line":15,"column":9},"end":{"line":15,"column":22}},"loc":{"start":{"line":15,"column":47},"end":{"line":33,"column":null}}},"1":{"name":"pickString","decl":{"start":{"line":35,"column":9},"end":{"line":35,"column":20}},"loc":{"start":{"line":35,"column":41},"end":{"line":43,"column":null}}},"2":{"name":"pickNumber","decl":{"start":{"line":45,"column":9},"end":{"line":45,"column":20}},"loc":{"start":{"line":45,"column":41},"end":{"line":60,"column":null}}},"3":{"name":"normalizeWeatherPayload","decl":{"start":{"line":62,"column":9},"end":{"line":62,"column":33}},"loc":{"start":{"line":62,"column":45},"end":{"line":93,"column":null}}},"4":{"name":"buildWeatherRequestUrl","decl":{"start":{"line":95,"column":9},"end":{"line":95,"column":32}},"loc":{"start":{"line":95,"column":67},"end":{"line":105,"column":null}}},"5":{"name":"inferWeatherBias","decl":{"start":{"line":107,"column":9},"end":{"line":107,"column":26}},"loc":{"start":{"line":107,"column":69},"end":{"line":158,"column":null}}},"6":{"name":"fetchCurrentWeather","decl":{"start":{"line":160,"column":22},"end":{"line":160,"column":41}},"loc":{"start":{"line":162,"column":19},"end":{"line":197,"column":null}}},"7":{"name":"buildMoodContext","decl":{"start":{"line":199,"column":16},"end":{"line":199,"column":32}},"loc":{"start":{"line":202,"column":27},"end":{"line":232,"column":null}}},"8":{"name":"inferMoodFromWeather","decl":{"start":{"line":234,"column":16},"end":{"line":234,"column":36}},"loc":{"start":{"line":236,"column":27},"end":{"line":249,"column":null}}},"9":{"name":"getContextAwareSearchQueries","decl":{"start":{"line":251,"column":16},"end":{"line":251,"column":44}},"loc":{"start":{"line":255,"column":27},"end":{"line":272,"column":null}}},"10":{"name":"(anonymous_15)","decl":{"start":{"line":268,"column":13},"end":{"line":268,"column":14}},"loc":{"start":{"line":268,"column":24},"end":{"line":268,"column":null}}},"11":{"name":"(anonymous_16)","decl":{"start":{"line":269,"column":16},"end":{"line":269,"column":17}},"loc":{"start":{"line":269,"column":27},"end":{"line":269,"column":null}}}},"branchMap":{"0":{"loc":{"start":{"line":13,"column":25},"end":{"line":13,"column":null}},"type":"binary-expr","locations":[{"start":{"line":13,"column":25},"end":{"line":13,"column":53}},{"start":{"line":13,"column":57},"end":{"line":13,"column":null}}]},"1":{"loc":{"start":{"line":16,"column":2},"end":{"line":18,"column":null}},"type":"if","locations":[{"start":{"line":16,"column":2},"end":{"line":18,"column":null}}]},"2":{"loc":{"start":{"line":16,"column":6},"end":{"line":16,"column":64}},"type":"binary-expr","locations":[{"start":{"line":16,"column":6},"end":{"line":16,"column":39}},{"start":{"line":16,"column":39},"end":{"line":16,"column":64}}]},"3":{"loc":{"start":{"line":20,"column":2},"end":{"line":22,"column":null}},"type":"if","locations":[{"start":{"line":20,"column":2},"end":{"line":22,"column":null}}]},"4":{"loc":{"start":{"line":20,"column":6},"end":{"line":20,"column":40}},"type":"binary-expr","locations":[{"start":{"line":20,"column":6},"end":{"line":20,"column":24}},{"start":{"line":20,"column":24},"end":{"line":20,"column":40}}]},"5":{"loc":{"start":{"line":24,"column":2},"end":{"line":26,"column":null}},"type":"if","locations":[{"start":{"line":24,"column":2},"end":{"line":26,"column":null}}]},"6":{"loc":{"start":{"line":24,"column":6},"end":{"line":24,"column":41}},"type":"binary-expr","locations":[{"start":{"line":24,"column":6},"end":{"line":24,"column":25}},{"start":{"line":24,"column":25},"end":{"line":24,"column":41}}]},"7":{"loc":{"start":{"line":28,"column":2},"end":{"line":30,"column":null}},"type":"if","locations":[{"start":{"line":28,"column":2},"end":{"line":30,"column":null}}]},"8":{"loc":{"start":{"line":28,"column":6},"end":{"line":28,"column":41}},"type":"binary-expr","locations":[{"start":{"line":28,"column":6},"end":{"line":28,"column":25}},{"start":{"line":28,"column":25},"end":{"line":28,"column":41}}]},"9":{"loc":{"start":{"line":37,"column":4},"end":{"line":39,"column":null}},"type":"if","locations":[{"start":{"line":37,"column":4},"end":{"line":39,"column":null}}]},"10":{"loc":{"start":{"line":37,"column":8},"end":{"line":37,"column":70}},"type":"binary-expr","locations":[{"start":{"line":37,"column":8},"end":{"line":37,"column":41}},{"start":{"line":37,"column":41},"end":{"line":37,"column":70}}]},"11":{"loc":{"start":{"line":47,"column":4},"end":{"line":49,"column":null}},"type":"if","locations":[{"start":{"line":47,"column":4},"end":{"line":49,"column":null}}]},"12":{"loc":{"start":{"line":47,"column":8},"end":{"line":47,"column":69}},"type":"binary-expr","locations":[{"start":{"line":47,"column":8},"end":{"line":47,"column":41}},{"start":{"line":47,"column":41},"end":{"line":47,"column":69}}]},"13":{"loc":{"start":{"line":51,"column":4},"end":{"line":56,"column":null}},"type":"if","locations":[{"start":{"line":51,"column":4},"end":{"line":56,"column":null}}]},"14":{"loc":{"start":{"line":53,"column":6},"end":{"line":55,"column":null}},"type":"if","locations":[{"start":{"line":53,"column":6},"end":{"line":55,"column":null}}]},"15":{"loc":{"start":{"line":63,"column":15},"end":{"line":63,"column":null}},"type":"binary-expr","locations":[{"start":{"line":63,"column":15},"end":{"line":63,"column":32}},{"start":{"line":63,"column":32},"end":{"line":63,"column":null}}]},"16":{"loc":{"start":{"line":75,"column":2},"end":{"line":77,"column":null}},"type":"if","locations":[{"start":{"line":75,"column":2},"end":{"line":77,"column":null}}]},"17":{"loc":{"start":{"line":91,"column":13},"end":{"line":91,"column":93}},"type":"cond-expr","locations":[{"start":{"line":91,"column":37},"end":{"line":91,"column":49}},{"start":{"line":91,"column":49},"end":{"line":91,"column":93}}]},"18":{"loc":{"start":{"line":98,"column":2},"end":{"line":100,"column":null}},"type":"if","locations":[{"start":{"line":98,"column":2},"end":{"line":100,"column":null}}]},"19":{"loc":{"start":{"line":110,"column":2},"end":{"line":116,"column":null}},"type":"if","locations":[{"start":{"line":110,"column":2},"end":{"line":116,"column":null}}]},"20":{"loc":{"start":{"line":110,"column":6},"end":{"line":110,"column":64}},"type":"binary-expr","locations":[{"start":{"line":110,"column":6},"end":{"line":110,"column":35}},{"start":{"line":110,"column":35},"end":{"line":110,"column":64}}]},"21":{"loc":{"start":{"line":111,"column":4},"end":{"line":113,"column":null}},"type":"if","locations":[{"start":{"line":111,"column":4},"end":{"line":113,"column":null}}]},"22":{"loc":{"start":{"line":118,"column":2},"end":{"line":125,"column":null}},"type":"if","locations":[{"start":{"line":118,"column":2},"end":{"line":125,"column":null}}]},"23":{"loc":{"start":{"line":119,"column":4},"end":{"line":122,"column":null}},"type":"binary-expr","locations":[{"start":{"line":119,"column":4},"end":{"line":119,"column":null}},{"start":{"line":120,"column":4},"end":{"line":120,"column":null}},{"start":{"line":121,"column":4},"end":{"line":121,"column":null}},{"start":{"line":122,"column":4},"end":{"line":122,"column":null}}]},"24":{"loc":{"start":{"line":127,"column":2},"end":{"line":129,"column":null}},"type":"if","locations":[{"start":{"line":127,"column":2},"end":{"line":129,"column":null}}]},"25":{"loc":{"start":{"line":127,"column":6},"end":{"line":127,"column":68}},"type":"binary-expr","locations":[{"start":{"line":127,"column":6},"end":{"line":127,"column":37}},{"start":{"line":127,"column":37},"end":{"line":127,"column":68}}]},"26":{"loc":{"start":{"line":131,"column":2},"end":{"line":133,"column":null}},"type":"if","locations":[{"start":{"line":131,"column":2},"end":{"line":133,"column":null}}]},"27":{"loc":{"start":{"line":135,"column":2},"end":{"line":137,"column":null}},"type":"if","locations":[{"start":{"line":135,"column":2},"end":{"line":137,"column":null}}]},"28":{"loc":{"start":{"line":139,"column":2},"end":{"line":147,"column":null}},"type":"if","locations":[{"start":{"line":139,"column":2},"end":{"line":147,"column":null}}]},"29":{"loc":{"start":{"line":140,"column":4},"end":{"line":142,"column":null}},"type":"if","locations":[{"start":{"line":140,"column":4},"end":{"line":142,"column":null}}]},"30":{"loc":{"start":{"line":144,"column":4},"end":{"line":146,"column":null}},"type":"if","locations":[{"start":{"line":144,"column":4},"end":{"line":146,"column":null}}]},"31":{"loc":{"start":{"line":149,"column":2},"end":{"line":151,"column":null}},"type":"if","locations":[{"start":{"line":149,"column":2},"end":{"line":151,"column":null}}]},"32":{"loc":{"start":{"line":153,"column":2},"end":{"line":155,"column":null}},"type":"if","locations":[{"start":{"line":153,"column":2},"end":{"line":155,"column":null}}]},"33":{"loc":{"start":{"line":167,"column":2},"end":{"line":169,"column":null}},"type":"if","locations":[{"start":{"line":167,"column":2},"end":{"line":169,"column":null}}]},"34":{"loc":{"start":{"line":167,"column":6},"end":{"line":167,"column":23}},"type":"binary-expr","locations":[{"start":{"line":167,"column":6},"end":{"line":167,"column":14}},{"start":{"line":167,"column":14},"end":{"line":167,"column":23}}]},"35":{"loc":{"start":{"line":180,"column":4},"end":{"line":183,"column":null}},"type":"if","locations":[{"start":{"line":180,"column":4},"end":{"line":183,"column":null}}]},"36":{"loc":{"start":{"line":188,"column":4},"end":{"line":190,"column":null}},"type":"if","locations":[{"start":{"line":188,"column":4},"end":{"line":190,"column":null}}]},"37":{"loc":{"start":{"line":207,"column":2},"end":{"line":222,"column":null}},"type":"if","locations":[{"start":{"line":207,"column":2},"end":{"line":222,"column":null}}]},"38":{"loc":{"start":{"line":209,"column":6},"end":{"line":215,"column":null}},"type":"cond-expr","locations":[{"start":{"line":210,"column":10},"end":{"line":210,"column":null}},{"start":{"line":211,"column":10},"end":{"line":215,"column":null}}]},"39":{"loc":{"start":{"line":211,"column":10},"end":{"line":215,"column":null}},"type":"cond-expr","locations":[{"start":{"line":212,"column":12},"end":{"line":212,"column":null}},{"start":{"line":213,"column":12},"end":{"line":215,"column":null}}]},"40":{"loc":{"start":{"line":213,"column":12},"end":{"line":215,"column":null}},"type":"cond-expr","locations":[{"start":{"line":214,"column":14},"end":{"line":214,"column":null}},{"start":{"line":215,"column":14},"end":{"line":215,"column":null}}]},"41":{"loc":{"start":{"line":238,"column":2},"end":{"line":244,"column":null}},"type":"if","locations":[{"start":{"line":238,"column":2},"end":{"line":244,"column":null}}]},"42":{"loc":{"start":{"line":240,"column":4},"end":{"line":240,"column":null}},"type":"if","locations":[{"start":{"line":240,"column":4},"end":{"line":240,"column":null}}]},"43":{"loc":{"start":{"line":241,"column":4},"end":{"line":241,"column":null}},"type":"if","locations":[{"start":{"line":241,"column":4},"end":{"line":241,"column":null}}]},"44":{"loc":{"start":{"line":242,"column":4},"end":{"line":242,"column":null}},"type":"if","locations":[{"start":{"line":242,"column":4},"end":{"line":242,"column":null}}]},"45":{"loc":{"start":{"line":259,"column":2},"end":{"line":263,"column":null}},"type":"if","locations":[{"start":{"line":259,"column":2},"end":{"line":263,"column":null}}]}},"s":{"0":0,"1":0,"2":0,"3":0,"4":0,"5":0,"6":0,"7":0,"8":0,"9":0,"10":0,"11":0,"12":0,"13":0,"14":0,"15":0,"16":0,"17":0,"18":0,"19":0,"20":0,"21":0,"22":0,"23":0,"24":0,"25":0,"26":0,"27":0,"28":0,"29":0,"30":0,"31":0,"32":0,"33":0,"34":0,"35":0,"36":0,"37":0,"38":0,"39":0,"40":0,"41":0,"42":0,"43":0,"44":0,"45":0,"46":0,"47":0,"48":0,"49":0,"50":0,"51":0,"52":0,"53":0,"54":0,"55":0,"56":0,"57":0,"58":0,"59":0,"60":0,"61":0,"62":0,"63":0,"64":0,"65":0,"66":0,"67":0,"68":0,"69":0,"70":0,"71":0,"72":0,"73":0,"74":0,"75":0,"76":0,"77":0,"78":0,"79":0,"80":0,"81":0,"82":0,"83":0,"84":0,"85":0,"86":0,"87":0,"88":0,"89":0,"90":0,"91":0,"92":0,"93":0,"94":0,"95":0,"96":0,"97":0,"98":0,"99":0,"100":0,"101":0,"102":0},"f":{"0":0,"1":0,"2":0,"3":0,"4":0,"5":0,"6":0,"7":0,"8":0,"9":0,"10":0,"11":0},"b":{"0":[0,0],"1":[0],"2":[0,0],"3":[0],"4":[0,0],"5":[0],"6":[0,0],"7":[0],"8":[0,0],"9":[0],"10":[0,0],"11":[0],"12":[0,0],"13":[0],"14":[0],"15":[0,0],"16":[0],"17":[0,0],"18":[0],"19":[0],"20":[0,0],"21":[0],"22":[0],"23":[0,0,0,0],"24":[0],"25":[0,0],"26":[0],"27":[0],"28":[0],"29":[0],"30":[0],"31":[0],"32":[0],"33":[0],"34":[0,0],"35":[0],"36":[0],"37":[0],"38":[0,0],"39":[0,0],"40":[0,0],"41":[0],"42":[0],"43":[0],"44":[0],"45":[0]}}
}
