{"C:\\Users\\wvumi\\nextjs-boilerplate\\ai_project\\mood-music-recommender\\src\\app\\layout.tsx": {"path":"C:\\Users\\wvumi\\nextjs-boilerplate\\ai_project\\mood-music-recommender\\src\\app\\layout.tsx","statementMap":{"0":{"start":{"line":9,"column":24},"end":{"line":9,"column":35}},"1":{"start":{"line":4,"column":13},"end":{"line":4,"column":21}},"2":{"start":{"line":2,"column":7},"end":{"line":2,"column":null}},"3":{"start":{"line":4,"column":34},"end":{"line":7,"column":null}}},"fnMap":{"0":{"name":"RootLayout","decl":{"start":{"line":9,"column":24},"end":{"line":9,"column":35}},"loc":{"start":{"line":13,"column":1},"end":{"line":19,"column":1}}}},"branchMap":{},"s":{"0":0,"1":0,"2":0,"3":0},"f":{"0":0},"b":{}}
,"C:\\Users\\wvumi\\nextjs-boilerplate\\ai_project\\mood-music-recommender\\src\\app\\page.tsx": {"path":"C:\\Users\\wvumi\\nextjs-boilerplate\\ai_project\\mood-music-recommender\\src\\app\\page.tsx","statementMap":{"0":{"start":{"line":8,"column":24},"end":{"line":8,"column":null}},"1":{"start":{"line":3,"column":25},"end":{"line":3,"column":null}},"2":{"start":{"line":4,"column":25},"end":{"line":4,"column":null}},"3":{"start":{"line":5,"column":24},"end":{"line":5,"column":null}},"4":{"start":{"line":9,"column":42},"end":{"line":9,"column":null}},"5":{"start":{"line":10,"column":30},"end":{"line":10,"column":null}},"6":{"start":{"line":11,"column":52},"end":{"line":11,"column":null}},"7":{"start":{"line":12,"column":32},"end":{"line":12,"column":null}},"8":{"start":{"line":13,"column":28},"end":{"line":13,"column":null}},"9":{"start":{"line":15,"column":27},"end":{"line":35,"column":null}},"10":{"start":{"line":16,"column":4},"end":{"line":16,"column":null}},"11":{"start":{"line":17,"column":4},"end":{"line":17,"column":null}},"12":{"start":{"line":18,"column":4},"end":{"line":18,"column":null}},"13":{"start":{"line":20,"column":4},"end":{"line":34,"column":null}},"14":{"start":{"line":21,"column":23},"end":{"line":21,"column":null}},"15":{"start":{"line":22,"column":6},"end":{"line":24,"column":null}},"16":{"start":{"line":23,"column":8},"end":{"line":23,"column":null}},"17":{"start":{"line":26,"column":19},"end":{"line":26,"column":null}},"18":{"start":{"line":27,"column":6},"end":{"line":27,"column":null}},"19":{"start":{"line":28,"column":6},"end":{"line":28,"column":null}},"20":{"start":{"line":30,"column":6},"end":{"line":30,"column":null}},"21":{"start":{"line":31,"column":6},"end":{"line":31,"column":null}},"22":{"start":{"line":33,"column":6},"end":{"line":33,"column":null}},"23":{"start":{"line":61,"column":33},"end":{"line":61,"column":null}},"24":{"start":{"line":79,"column":35},"end":{"line":79,"column":null}}},"fnMap":{"0":{"name":"Home","decl":{"start":{"line":8,"column":24},"end":{"line":8,"column":null}},"loc":{"start":{"line":8,"column":24},"end":{"line":100,"column":null}}},"1":{"name":"(anonymous_3)","decl":{"start":{"line":15,"column":27},"end":{"line":15,"column":34}},"loc":{"start":{"line":15,"column":34},"end":{"line":35,"column":null}}},"2":{"name":"(anonymous_4)","decl":{"start":{"line":61,"column":27},"end":{"line":61,"column":33}},"loc":{"start":{"line":61,"column":33},"end":{"line":61,"column":null}}},"3":{"name":"(anonymous_5)","decl":{"start":{"line":79,"column":29},"end":{"line":79,"column":35}},"loc":{"start":{"line":79,"column":35},"end":{"line":79,"column":null}}}},"branchMap":{"0":{"loc":{"start":{"line":22,"column":6},"end":{"line":24,"column":null}},"type":"if","locations":[{"start":{"line":22,"column":6},"end":{"line":24,"column":null}}]},"1":{"loc":{"start":{"line":30,"column":15},"end":{"line":30,"column":null}},"type":"cond-expr","locations":[{"start":{"line":30,"column":38},"end":{"line":30,"column":49}},{"start":{"line":30,"column":52},"end":{"line":30,"column":null}}]},"2":{"loc":{"start":{"line":51,"column":12},"end":{"line":58,"column":13}},"type":"cond-expr","locations":[{"start":{"line":51,"column":12},"end":{"line":58,"column":13}}]},"3":{"loc":{"start":{"line":68,"column":15},"end":{"line":68,"column":null}},"type":"binary-expr","locations":[{"start":{"line":68,"column":15},"end":{"line":68,"column":null}}]},"4":{"loc":{"start":{"line":75,"column":15},"end":{"line":75,"column":null}},"type":"binary-expr","locations":[{"start":{"line":75,"column":15},"end":{"line":75,"column":null}}]},"5":{"loc":{"start":{"line":87,"column":15},"end":{"line":87,"column":27}},"type":"binary-expr","locations":[{"start":{"line":87,"column":15},"end":{"line":87,"column":27}},{"start":{"line":87,"column":27},"end":{"line":87,"column":37}},{"start":{"line":87,"column":37},"end":{"line":87,"column":null}}]}},"s":{"0":0,"1":0,"2":0,"3":0,"4":0,"5":0,"6":0,"7":0,"8":0,"9":0,"10":0,"11":0,"12":0,"13":0,"14":0,"15":0,"16":0,"17":0,"18":0,"19":0,"20":0,"21":0,"22":0,"23":0,"24":0},"f":{"0":0,"1":0,"2":0,"3":0},"b":{"0":[0],"1":[0,0],"2":[0],"3":[0],"4":[0],"5":[0,0,0]}}
,"C:\\Users\\wvumi\\nextjs-boilerplate\\ai_project\\mood-music-recommender\\src\\app\\api\\spotify\\route.ts": {"path":"C:\\Users\\wvumi\\nextjs-boilerplate\\ai_project\\mood-music-recommender\\src\\app\\api\\spotify\\route.ts","statementMap":{"0":{"start":{"line":34,"column":22},"end":{"line":34,"column":26}},"1":{"start":{"line":4,"column":26},"end":{"line":4,"column":55}},"2":{"start":{"line":5,"column":30},"end":{"line":5,"column":63}},"3":{"start":{"line":8,"column":19},"end":{"line":15,"column":null}},"4":{"start":{"line":17,"column":2},"end":{"line":19,"column":null}},"5":{"start":{"line":18,"column":4},"end":{"line":18,"column":null}},"6":{"start":{"line":21,"column":15},"end":{"line":21,"column":null}},"7":{"start":{"line":22,"column":2},"end":{"line":22,"column":null}},"8":{"start":{"line":25,"column":89},"end":{"line":32,"column":null}},"9":{"start":{"line":35,"column":2},"end":{"line":73,"column":null}},"10":{"start":{"line":36,"column":29},"end":{"line":36,"column":null}},"11":{"start":{"line":37,"column":17},"end":{"line":37,"column":null}},"12":{"start":{"line":39,"column":4},"end":{"line":41,"column":null}},"13":{"start":{"line":40,"column":6},"end":{"line":40,"column":null}},"14":{"start":{"line":43,"column":24},"end":{"line":43,"column":null}},"15":{"start":{"line":44,"column":19},"end":{"line":44,"column":36}},"16":{"start":{"line":46,"column":31},"end":{"line":46,"column":null}},"17":{"start":{"line":47,"column":4},"end":{"line":47,"column":null}},"18":{"start":{"line":48,"column":4},"end":{"line":48,"column":null}},"19":{"start":{"line":49,"column":4},"end":{"line":49,"column":null}},"20":{"start":{"line":50,"column":4},"end":{"line":50,"column":null}},"21":{"start":{"line":52,"column":21},"end":{"line":56,"column":null}},"22":{"start":{"line":58,"column":4},"end":{"line":60,"column":null}},"23":{"start":{"line":59,"column":6},"end":{"line":59,"column":null}},"24":{"start":{"line":62,"column":17},"end":{"line":62,"column":null}},"25":{"start":{"line":64,"column":4},"end":{"line":66,"column":null}},"26":{"start":{"line":68,"column":4},"end":{"line":68,"column":null}},"27":{"start":{"line":69,"column":4},"end":{"line":71,"column":null}}},"fnMap":{"0":{"name":"getSpotifyAccessToken","decl":{"start":{"line":7,"column":15},"end":{"line":7,"column":null}},"loc":{"start":{"line":7,"column":15},"end":{"line":23,"column":null}}},"1":{"name":"GET","decl":{"start":{"line":34,"column":22},"end":{"line":34,"column":26}},"loc":{"start":{"line":34,"column":46},"end":{"line":74,"column":null}}}},"branchMap":{"0":{"loc":{"start":{"line":17,"column":2},"end":{"line":19,"column":null}},"type":"if","locations":[{"start":{"line":17,"column":2},"end":{"line":19,"column":null}}]},"1":{"loc":{"start":{"line":39,"column":4},"end":{"line":41,"column":null}},"type":"if","locations":[{"start":{"line":39,"column":4},"end":{"line":41,"column":null}}]},"2":{"loc":{"start":{"line":39,"column":8},"end":{"line":39,"column":35}},"type":"binary-expr","locations":[{"start":{"line":39,"column":8},"end":{"line":39,"column":17}},{"start":{"line":39,"column":17},"end":{"line":39,"column":35}}]},"3":{"loc":{"start":{"line":58,"column":4},"end":{"line":60,"column":null}},"type":"if","locations":[{"start":{"line":58,"column":4},"end":{"line":60,"column":null}}]}},"s":{"0":0,"1":0,"2":0,"3":0,"4":0,"5":0,"6":0,"7":0,"8":0,"9":0,"10":0,"11":0,"12":0,"13":0,"14":0,"15":0,"16":0,"17":0,"18":0,"19":0,"20":0,"21":0,"22":0,"23":0,"24":0,"25":0,"26":0,"27":0},"f":{"0":0,"1":0},"b":{"0":[0],"1":[0],"2":[0,0],"3":[0]}}
,"C:\\Users\\wvumi\\nextjs-boilerplate\\ai_project\\mood-music-recommender\\src\\app\\components\\MoodSelector.tsx": {"path":"C:\\Users\\wvumi\\nextjs-boilerplate\\ai_project\\mood-music-recommender\\src\\app\\components\\MoodSelector.tsx","statementMap":{"0":{"start":{"line":61,"column":24},"end":{"line":61,"column":37}},"1":{"start":{"line":10,"column":34},"end":{"line":59,"column":null}},"2":{"start":{"line":65,"column":8},"end":{"line":66,"column":null}},"3":{"start":{"line":67,"column":25},"end":{"line":67,"column":null}}},"fnMap":{"0":{"name":"MoodSelector","decl":{"start":{"line":61,"column":24},"end":{"line":61,"column":37}},"loc":{"start":{"line":61,"column":86},"end":{"line":80,"column":null}}},"1":{"name":"(anonymous_2)","decl":{"start":{"line":64,"column":23},"end":{"line":64,"column":24}},"loc":{"start":{"line":65,"column":8},"end":{"line":66,"column":null}}},"2":{"name":"(anonymous_3)","decl":{"start":{"line":67,"column":19},"end":{"line":67,"column":25}},"loc":{"start":{"line":67,"column":25},"end":{"line":67,"column":null}}}},"branchMap":{"0":{"loc":{"start":{"line":69,"column":12},"end":{"line":71,"column":null}},"type":"cond-expr","locations":[{"start":{"line":70,"column":16},"end":{"line":70,"column":null}},{"start":{"line":71,"column":16},"end":{"line":71,"column":null}}]}},"s":{"0":0,"1":0,"2":0,"3":0},"f":{"0":0,"1":0,"2":0},"b":{"0":[0,0]}}
,"C:\\Users\\wvumi\\nextjs-boilerplate\\ai_project\\mood-music-recommender\\src\\app\\components\\MusicPlayer.tsx": {"path":"C:\\Users\\wvumi\\nextjs-boilerplate\\ai_project\\mood-music-recommender\\src\\app\\components\\MusicPlayer.tsx","statementMap":{"0":{"start":{"line":11,"column":24},"end":{"line":11,"column":36}},"1":{"start":{"line":12,"column":23},"end":{"line":12,"column":48}},"2":{"start":{"line":14,"column":2},"end":{"line":20,"column":null}},"3":{"start":{"line":33,"column":48},"end":{"line":33,"column":59}},"4":{"start":{"line":45,"column":30},"end":{"line":45,"column":69}},"5":{"start":{"line":46,"column":12},"end":{"line":46,"column":null}},"6":{"start":{"line":68,"column":30},"end":{"line":68,"column":null}},"7":{"start":{"line":69,"column":12},"end":{"line":69,"column":null}},"8":{"start":{"line":82,"column":30},"end":{"line":82,"column":69}},"9":{"start":{"line":83,"column":12},"end":{"line":83,"column":null}},"10":{"start":{"line":93,"column":10},"end":{"line":94,"column":null}},"11":{"start":{"line":95,"column":27},"end":{"line":95,"column":null}},"12":{"start":{"line":104,"column":43},"end":{"line":104,"column":54}}},"fnMap":{"0":{"name":"MusicPlayer","decl":{"start":{"line":11,"column":24},"end":{"line":11,"column":36}},"loc":{"start":{"line":11,"column":98},"end":{"line":111,"column":null}}},"1":{"name":"(anonymous_2)","decl":{"start":{"line":33,"column":38},"end":{"line":33,"column":48}},"loc":{"start":{"line":33,"column":48},"end":{"line":33,"column":59}}},"2":{"name":"(anonymous_3)","decl":{"start":{"line":44,"column":19},"end":{"line":44,"column":null}},"loc":{"start":{"line":44,"column":19},"end":{"line":47,"column":null}}},"3":{"name":"(anonymous_4)","decl":{"start":{"line":67,"column":19},"end":{"line":67,"column":null}},"loc":{"start":{"line":67,"column":19},"end":{"line":70,"column":null}}},"4":{"name":"(anonymous_5)","decl":{"start":{"line":81,"column":19},"end":{"line":81,"column":null}},"loc":{"start":{"line":81,"column":19},"end":{"line":84,"column":null}}},"5":{"name":"(anonymous_6)","decl":{"start":{"line":92,"column":20},"end":{"line":92,"column":21}},"loc":{"start":{"line":93,"column":10},"end":{"line":94,"column":null}}},"6":{"name":"(anonymous_7)","decl":{"start":{"line":95,"column":21},"end":{"line":95,"column":27}},"loc":{"start":{"line":95,"column":27},"end":{"line":95,"column":null}}},"7":{"name":"(anonymous_8)","decl":{"start":{"line":104,"column":33},"end":{"line":104,"column":43}},"loc":{"start":{"line":104,"column":43},"end":{"line":104,"column":54}}}},"branchMap":{"0":{"loc":{"start":{"line":14,"column":2},"end":{"line":20,"column":null}},"type":"if","locations":[{"start":{"line":14,"column":2},"end":{"line":20,"column":null}}]},"1":{"loc":{"start":{"line":26,"column":15},"end":{"line":26,"column":null}},"type":"binary-expr","locations":[{"start":{"line":26,"column":15},"end":{"line":26,"column":52}},{"start":{"line":26,"column":52},"end":{"line":26,"column":null}}]},"2":{"loc":{"start":{"line":40,"column":8},"end":{"line":52,"column":9}},"type":"cond-expr","locations":[{"start":{"line":40,"column":8},"end":{"line":52,"column":9}}]},"3":{"loc":{"start":{"line":68,"column":30},"end":{"line":68,"column":null}},"type":"cond-expr","locations":[{"start":{"line":68,"column":56},"end":{"line":68,"column":76}},{"start":{"line":68,"column":76},"end":{"line":68,"column":null}}]},"4":{"loc":{"start":{"line":97,"column":14},"end":{"line":99,"column":null}},"type":"cond-expr","locations":[{"start":{"line":98,"column":18},"end":{"line":98,"column":null}},{"start":{"line":99,"column":18},"end":{"line":99,"column":null}}]}},"s":{"0":0,"1":0,"2":0,"3":0,"4":0,"5":0,"6":0,"7":0,"8":0,"9":0,"10":0,"11":0,"12":0},"f":{"0":0,"1":0,"2":0,"3":0,"4":0,"5":0,"6":0,"7":0},"b":{"0":[0],"1":[0,0],"2":[0],"3":[0,0],"4":[0,0]}}
}
