TN:
SF:src/app/layout.tsx
FN:9,RootLayout
FNF:1
FNH:0
FNDA:0,RootLayout
DA:2,0
DA:4,0
DA:9,0
LF:3
LH:0
BRF:0
BRH:0
end_of_record
TN:
SF:src/app/page.tsx
FN:33,TimeIcon
FN:70,WeatherIcon
FN:144,getCurrentHour
FN:148,getListenerContext
FN:156,(anonymous_10)
FN:174,Home
FN:186,(anonymous_12)
FN:191,(anonymous_13)
FN:192,(anonymous_14)
FN:196,(anonymous_15)
FN:199,(anonymous_16)
FN:200,(anonymous_17)
FN:226,(anonymous_18)
FN:227,(anonymous_19)
FN:256,(anonymous_20)
FN:301,(anonymous_21)
FN:305,(anonymous_22)
FN:308,(anonymous_23)
FN:310,(anonymous_24)
FN:311,(anonymous_25)
FN:320,(anonymous_26)
FN:371,(anonymous_27)
FN:400,(anonymous_28)
FN:436,(anonymous_29)
FN:501,(anonymous_30)
FN:535,(anonymous_31)
FN:547,(anonymous_32)
FNF:27
FNH:17
FNDA:14,TimeIcon
FNDA:14,WeatherIcon
FNDA:9,getCurrentHour
FNDA:8,getListenerContext
FNDA:8,(anonymous_10)
FNDA:14,Home
FNDA:4,(anonymous_12)
FNDA:4,(anonymous_13)
FNDA:0,(anonymous_14)
FNDA:4,(anonymous_15)
FNDA:4,(anonymous_16)
FNDA:4,(anonymous_17)
FNDA:9,(anonymous_18)
FNDA:9,(anonymous_19)
FNDA:4,(anonymous_20)
FNDA:1,(anonymous_21)
FNDA:0,(anonymous_22)
FNDA:0,(anonymous_23)
FNDA:0,(anonymous_24)
FNDA:0,(anonymous_25)
FNDA:1,(anonymous_26)
FNDA:1,(anonymous_27)
FNDA:0,(anonymous_28)
FNDA:0,(anonymous_29)
FNDA:0,(anonymous_30)
FNDA:0,(anonymous_31)
FNDA:0,(anonymous_32)
DA:3,1
DA:4,1
DA:5,1
DA:34,14
DA:36,14
DA:44,0
DA:53,0
DA:71,14
DA:79,14
DA:80,14
DA:84,0
DA:93,0
DA:102,0
DA:111,0
DA:120,0
DA:128,0
DA:129,0
DA:132,0
DA:141,0
DA:145,9
DA:149,8
DA:151,8
DA:152,0
DA:155,8
DA:156,8
DA:157,8
DA:164,0
DA:170,8
DA:174,4
DA:175,14
DA:176,14
DA:177,14
DA:178,14
DA:179,14
DA:180,14
DA:181,14
DA:182,14
DA:183,14
DA:184,14
DA:185,14
DA:186,14
DA:187,4
DA:189,14
DA:191,14
DA:192,4
DA:193,0
DA:196,4
DA:199,14
DA:200,4
DA:201,4
DA:202,4
DA:204,4
DA:205,4
DA:206,4
DA:209,0
DA:210,0
DA:211,0
DA:212,0
DA:213,0
DA:216,0
DA:217,0
DA:219,0
DA:223,4
DA:226,14
DA:227,9
DA:228,9
DA:230,4
DA:232,4
DA:234,4
DA:236,4
DA:237,4
DA:238,4
DA:242,4
DA:243,4
DA:244,0
DA:245,0
DA:246,0
DA:247,0
DA:248,0
DA:256,4
DA:257,4
DA:265,4
DA:268,4
DA:274,4
DA:275,0
DA:276,0
DA:279,4
DA:280,4
DA:281,0
DA:282,0
DA:283,0
DA:284,0
DA:285,0
DA:286,0
DA:289,0
DA:292,4
DA:293,4
DA:294,4
DA:298,9
DA:301,14
DA:302,1
DA:305,14
DA:306,0
DA:308,0
DA:309,0
DA:310,0
DA:311,0
DA:313,0
DA:320,14
DA:329,1
DA:332,1
DA:333,1
DA:335,1
DA:337,1
DA:343,1
DA:344,0
DA:345,0
DA:348,1
DA:349,0
DA:352,1
DA:353,0
DA:356,1
DA:357,0
DA:360,1
DA:361,0
DA:364,1
DA:365,0
DA:368,1
DA:371,14
DA:372,1
DA:373,1
DA:375,1
DA:376,1
DA:377,1
DA:379,1
DA:380,1
DA:381,1
DA:382,1
DA:385,0
DA:386,0
DA:387,0
DA:388,0
DA:389,0
DA:391,1
DA:392,1
DA:393,1
DA:395,1
DA:396,1
DA:400,14
DA:406,0
DA:407,0
DA:409,0
DA:410,0
DA:412,0
DA:413,0
DA:422,0
DA:423,0
DA:424,0
DA:425,0
DA:426,0
DA:427,0
DA:429,0
DA:431,0
DA:432,0
DA:436,14
DA:437,0
DA:438,0
DA:440,0
DA:441,0
DA:443,0
DA:444,0
DA:445,0
DA:446,0
DA:449,0
DA:450,0
DA:451,0
DA:452,0
DA:453,0
DA:455,0
DA:457,0
DA:458,0
DA:502,0
DA:503,0
DA:504,0
DA:535,0
DA:547,0
LF:186
LH:96
BRDA:36,0,0,14
BRDA:36,1,0,14
BRDA:36,1,1,14
BRDA:44,2,0,0
BRDA:53,3,0,0
BRDA:71,4,0,14
BRDA:71,4,1,14
BRDA:79,5,0,14
BRDA:79,6,0,14
BRDA:79,6,1,0
BRDA:84,7,0,0
BRDA:84,7,1,0
BRDA:84,7,2,0
BRDA:84,7,3,0
BRDA:84,7,4,0
BRDA:84,7,5,0
BRDA:84,7,6,0
BRDA:84,7,7,0
BRDA:93,8,0,0
BRDA:93,9,0,0
BRDA:93,9,1,0
BRDA:102,10,0,0
BRDA:102,11,0,0
BRDA:102,11,1,0
BRDA:111,12,0,0
BRDA:120,13,0,0
BRDA:120,14,0,0
BRDA:120,14,1,0
BRDA:128,15,0,0
BRDA:132,16,0,0
BRDA:132,17,0,0
BRDA:132,17,1,0
BRDA:132,17,2,0
BRDA:132,17,3,0
BRDA:151,18,0,0
BRDA:151,19,0,8
BRDA:151,19,1,8
BRDA:204,20,0,4
BRDA:204,21,0,4
BRDA:204,21,1,0
BRDA:211,22,0,0
BRDA:217,23,0,0
BRDA:217,23,1,0
BRDA:228,24,0,5
BRDA:228,25,0,9
BRDA:228,25,1,8
BRDA:228,25,2,4
BRDA:236,26,0,4
BRDA:236,26,1,4
BRDA:237,27,0,4
BRDA:243,28,0,0
BRDA:243,29,0,4
BRDA:243,29,1,4
BRDA:243,29,2,0
BRDA:246,30,0,0
BRDA:248,31,0,0
BRDA:248,31,1,0
BRDA:257,32,0,0
BRDA:257,32,1,4
BRDA:257,33,0,4
BRDA:257,33,1,0
BRDA:260,34,0,0
BRDA:260,34,1,0
BRDA:261,35,0,0
BRDA:261,35,1,0
BRDA:274,36,0,0
BRDA:274,37,0,4
BRDA:274,37,1,0
BRDA:280,38,0,0
BRDA:284,39,0,0
BRDA:284,39,1,0
BRDA:302,40,0,1
BRDA:302,40,1,1
BRDA:309,41,0,0
BRDA:309,41,1,0
BRDA:329,42,0,1
BRDA:329,42,1,0
BRDA:332,43,0,1
BRDA:332,43,1,1
BRDA:333,44,0,1
BRDA:333,44,1,0
BRDA:343,45,0,0
BRDA:343,46,0,1
BRDA:343,46,1,0
BRDA:348,47,0,0
BRDA:352,48,0,0
BRDA:356,49,0,0
BRDA:360,50,0,0
BRDA:360,51,0,1
BRDA:360,51,1,0
BRDA:364,52,0,0
BRDA:364,53,0,1
BRDA:364,53,1,0
BRDA:372,54,0,0
BRDA:381,55,0,1
BRDA:388,56,0,0
BRDA:388,56,1,0
BRDA:391,57,0,1
BRDA:391,57,1,0
BRDA:406,58,0,0
BRDA:406,59,0,0
BRDA:406,59,1,0
BRDA:422,60,0,0
BRDA:426,61,0,0
BRDA:426,61,1,0
BRDA:429,62,0,0
BRDA:429,62,1,0
BRDA:437,63,0,0
BRDA:437,64,0,0
BRDA:437,64,1,0
BRDA:445,65,0,0
BRDA:452,66,0,0
BRDA:452,66,1,0
BRDA:455,67,0,0
BRDA:455,67,1,0
BRDA:471,68,0,14
BRDA:471,68,1,14
BRDA:472,69,0,0
BRDA:472,69,1,14
BRDA:485,70,0,8
BRDA:485,70,1,6
BRDA:485,71,0,14
BRDA:485,71,1,12
BRDA:492,72,0,4
BRDA:492,72,1,2
BRDA:492,73,0,6
BRDA:492,73,1,5
BRDA:497,74,0,2
BRDA:497,74,1,0
BRDA:520,75,0,2
BRDA:520,75,1,0
BRDA:520,75,2,0
BRDA:524,76,0,2
BRDA:531,77,0,2
BRDA:543,78,0,2
BRDA:543,78,1,1
BRDA:543,78,2,0
BRDA:555,79,0,2
BRDA:555,79,1,1
BRDA:555,79,2,0
BRF:140
BRH:53
end_of_record
TN:
SF:src/app/api/spotify/route.ts
FN:97,normalizeText
FN:105,getMoodTokens
FN:109,(anonymous_4)
FN:113,shouldFilterTrackTitle
FN:121,(anonymous_6)
FN:123,(anonymous_7)
FN:137,isVariantReleaseTitle
FN:143,getCanonicalTrackTitle
FN:161,parseCsvValues
FN:168,(anonymous_11)
FN:169,(anonymous_12)
FN:172,getFallbackSearchQueries
FN:181,parseCoordinate
FN:190,delay
FN:191,(anonymous_16)
FN:194,normalizeMoodInput
FN:203,(anonymous_18)
FN:219,GET
FN:278,(anonymous_20)
FN:293,(anonymous_21)
FN:364,(anonymous_22)
FN:374,(anonymous_23)
FN:381,(anonymous_24)
FN:394,(anonymous_25)
FN:412,(anonymous_26)
FN:432,(anonymous_27)
FN:457,(anonymous_28)
FNF:27
FNH:25
FNDA:39,normalizeText
FNDA:2,getMoodTokens
FNDA:2,(anonymous_4)
FNDA:2,shouldFilterTrackTitle
FNDA:6,(anonymous_6)
FNDA:2,(anonymous_7)
FNDA:16,isVariantReleaseTitle
FNDA:17,getCanonicalTrackTitle
FNDA:16,parseCsvValues
FNDA:2,(anonymous_11)
FNDA:2,(anonymous_12)
FNDA:6,getFallbackSearchQueries
FNDA:24,parseCoordinate
FNDA:24,delay
FNDA:24,(anonymous_16)
FNDA:6,normalizeMoodInput
FNDA:29,(anonymous_18)
FNDA:8,GET
FNDA:6,(anonymous_20)
FNDA:0,(anonymous_21)
FNDA:1,(anonymous_22)
FNDA:16,(anonymous_23)
FNDA:16,(anonymous_24)
FNDA:16,(anonymous_25)
FNDA:16,(anonymous_26)
FNDA:2,(anonymous_27)
FNDA:0,(anonymous_28)
DA:3,1
DA:8,1
DA:10,1
DA:11,1
DA:14,1
DA:25,1
DA:45,1
DA:98,39
DA:106,2
DA:109,2
DA:114,2
DA:115,2
DA:116,0
DA:119,2
DA:120,2
DA:121,6
DA:122,2
DA:123,2
DA:126,2
DA:127,0
DA:130,2
DA:131,0
DA:134,2
DA:138,16
DA:140,16
DA:144,17
DA:162,16
DA:163,14
DA:166,2
DA:168,2
DA:169,2
DA:173,6
DA:174,6
DA:175,6
DA:178,0
DA:182,24
DA:183,24
DA:186,0
DA:187,0
DA:191,24
DA:195,6
DA:197,6
DA:198,0
DA:201,6
DA:202,9
DA:204,29
DA:205,29
DA:212,6
DA:216,0
DA:219,8
DA:220,8
DA:221,8
DA:222,8
DA:223,8
DA:224,8
DA:225,8
DA:226,8
DA:227,8
DA:228,8
DA:229,8
DA:230,8
DA:231,8
DA:233,8
DA:234,2
DA:237,6
DA:239,6
DA:241,6
DA:242,0
DA:243,0
DA:250,6
DA:253,6
DA:255,6
DA:258,6
DA:259,6
DA:260,6
DA:261,6
DA:268,6
DA:269,6
DA:271,0
DA:272,0
DA:273,0
DA:276,6
DA:278,6
DA:279,6
DA:280,6
DA:281,6
DA:284,0
DA:292,6
DA:293,0
DA:296,6
DA:298,6
DA:301,6
DA:302,6
DA:303,6
DA:305,6
DA:306,24
DA:308,24
DA:309,24
DA:310,24
DA:311,24
DA:312,24
DA:314,24
DA:315,24
DA:323,24
DA:325,24
DA:326,20
DA:327,20
DA:328,20
DA:329,20
DA:330,20
DA:332,4
DA:333,4
DA:335,4
DA:336,0
DA:339,4
DA:341,4
DA:342,0
DA:343,0
DA:347,0
DA:348,0
DA:350,0
DA:351,0
DA:352,0
DA:356,24
DA:357,24
DA:362,6
DA:363,6
DA:364,1
DA:366,6
DA:367,6
DA:368,6
DA:369,6
DA:370,4
DA:373,6
DA:376,16
DA:378,16
DA:379,16
DA:382,16
DA:383,16
DA:386,16
DA:391,16
DA:394,16
DA:397,16
DA:399,16
DA:413,16
DA:415,16
DA:425,14
DA:428,2
DA:429,2
DA:430,2
DA:432,2
DA:435,6
DA:437,6
DA:438,4
DA:439,0
DA:448,4
DA:457,2
DA:459,2
DA:460,0
DA:468,2
DA:489,0
DA:490,0
LF:162
LH:135
BRDA:115,0,0,0
BRDA:123,1,0,2
BRDA:123,1,1,2
BRDA:126,2,0,0
BRDA:130,3,0,0
BRDA:130,4,0,2
BRDA:130,4,1,0
BRDA:162,5,0,14
BRDA:174,6,0,6
BRDA:182,7,0,24
BRDA:187,8,0,0
BRDA:187,8,1,0
BRDA:197,9,0,0
BRDA:202,10,0,6
BRDA:206,11,0,29
BRDA:206,11,1,23
BRDA:206,11,2,23
BRDA:226,12,0,8
BRDA:226,12,1,7
BRDA:227,13,0,8
BRDA:227,13,1,7
BRDA:228,14,0,8
BRDA:228,14,1,8
BRDA:233,15,0,2
BRDA:233,16,0,8
BRDA:233,16,1,7
BRDA:233,16,2,7
BRDA:241,17,0,0
BRDA:250,18,0,0
BRDA:250,18,1,6
BRDA:250,19,0,6
BRDA:250,19,1,0
BRDA:262,20,0,6
BRDA:262,20,1,6
BRDA:262,20,2,5
BRDA:280,21,0,6
BRDA:292,22,0,0
BRDA:292,22,1,6
BRDA:306,23,0,0
BRDA:318,24,0,24
BRDA:318,24,1,0
BRDA:325,25,0,20
BRDA:325,25,1,4
BRDA:327,26,0,20
BRDA:327,26,1,0
BRDA:335,27,0,0
BRDA:335,28,0,4
BRDA:335,28,1,4
BRDA:341,29,0,0
BRDA:341,30,0,4
BRDA:341,30,1,0
BRDA:350,31,0,0
BRDA:356,32,0,24
BRDA:362,33,0,0
BRDA:362,33,1,6
BRDA:369,34,0,4
BRDA:376,35,0,16
BRDA:376,35,1,0
BRDA:378,36,0,16
BRDA:378,36,1,0
BRDA:378,36,2,0
BRDA:379,37,0,16
BRDA:379,37,1,0
BRDA:382,38,0,0
BRDA:383,39,0,0
BRDA:386,40,0,16
BRDA:386,40,1,16
BRDA:386,40,2,0
BRDA:386,40,3,0
BRDA:386,40,4,0
BRDA:401,41,0,16
BRDA:401,41,1,0
BRDA:403,42,0,16
BRDA:403,42,1,0
BRDA:405,43,0,16
BRDA:405,43,1,0
BRDA:405,43,2,0
BRDA:406,44,0,16
BRDA:406,44,1,0
BRDA:406,44,2,0
BRDA:408,45,0,16
BRDA:408,45,1,0
BRDA:413,46,0,16
BRDA:413,46,1,0
BRDA:413,47,0,0
BRDA:413,47,1,0
BRDA:415,48,0,14
BRDA:416,49,0,16
BRDA:416,49,1,16
BRDA:416,49,2,16
BRDA:416,49,3,12
BRDA:416,49,4,8
BRDA:416,49,5,2
BRDA:416,49,6,2
BRDA:416,49,7,2
BRDA:437,50,0,4
BRDA:438,51,0,0
BRDA:457,52,0,0
BRDA:457,52,1,2
BRDA:459,53,0,0
BRDA:477,54,0,0
BRDA:477,54,1,2
BRDA:480,55,0,0
BRDA:480,55,1,2
BRF:104
BRH:61
end_of_record
TN:
SF:src/app/components/MoodSelector.tsx
FN:11,MoodSelector
FN:15,(anonymous_2)
FN:37,(anonymous_3)
FNF:3
FNH:3
FNDA:18,MoodSelector
FNDA:3,(anonymous_2)
FNDA:4,(anonymous_3)
DA:3,2
DA:11,12
DA:12,18
DA:13,18
DA:15,18
DA:16,3
DA:17,3
DA:18,3
DA:19,1
DA:20,1
DA:23,2
DA:24,2
DA:25,2
DA:37,4
LF:14
LH:14
BRDA:18,0,0,1
BRDA:50,1,0,18
BRDA:52,2,0,18
BRF:3
BRH:3
end_of_record
TN:
SF:src/app/components/MusicPlayer.tsx
FN:13,MusicPlayer
FN:17,(anonymous_2)
FN:32,(anonymous_3)
FN:40,(anonymous_4)
FN:44,(anonymous_5)
FN:85,(anonymous_6)
FN:110,(anonymous_7)
FN:120,(anonymous_8)
FN:139,(anonymous_9)
FN:145,(anonymous_10)
FN:165,(anonymous_11)
FN:170,(anonymous_12)
FNF:12
FNH:12
FNDA:9,MusicPlayer
FNDA:7,(anonymous_2)
FNDA:2,(anonymous_3)
FNDA:20,(anonymous_4)
FNDA:18,(anonymous_5)
FNDA:1,(anonymous_6)
FNDA:1,(anonymous_7)
FNDA:1,(anonymous_8)
FNDA:1,(anonymous_9)
FNDA:1,(anonymous_10)
FNDA:12,(anonymous_11)
FNDA:1,(anonymous_12)
DA:3,2
DA:13,7
DA:14,9
DA:15,9
DA:17,9
DA:18,7
DA:21,9
DA:29,8
DA:30,8
DA:32,8
DA:33,2
DA:34,2
DA:35,0
DA:36,0
DA:37,0
DA:40,8
DA:41,20
DA:43,20
DA:44,20
DA:45,18
DA:46,18
DA:47,0
DA:48,18
DA:49,18
DA:50,18
DA:51,0
DA:52,0
DA:53,0
DA:58,20
DA:59,20
DA:60,2
DA:63,8
DA:86,1
DA:87,1
DA:111,1
DA:112,1
DA:121,1
DA:122,1
DA:139,1
DA:146,1
DA:147,1
DA:166,12
DA:167,12
DA:170,1
LF:44
LH:37
BRDA:21,0,0,1
BRDA:29,1,0,8
BRDA:29,1,1,0
BRDA:30,2,0,8
BRDA:30,2,1,0
BRDA:34,3,0,2
BRDA:36,4,0,0
BRDA:43,5,0,20
BRDA:43,6,0,20
BRDA:43,6,1,20
BRDA:45,7,0,0
BRDA:46,8,0,0
BRDA:46,8,1,18
BRDA:48,9,0,18
BRDA:50,10,0,18
BRDA:50,10,1,0
BRDA:51,11,0,0
BRDA:51,11,1,0
BRDA:52,12,0,0
BRDA:52,12,1,0
BRDA:53,13,0,0
BRDA:59,14,0,18
BRDA:81,15,0,7
BRDA:111,16,0,1
BRDA:111,16,1,0
BRDA:146,17,0,1
BRDA:171,18,0,8
BRDA:171,18,1,4
BRDA:173,19,0,8
BRDA:173,19,1,4
BRDA:174,20,0,12
BRDA:174,20,1,0
BRF:32
BRH:19
end_of_record
TN:
SF:src/lib/aiRecommendations.ts
FN:98,getAnthropicModelCandidates
FN:101,(anonymous_5)
FN:118,normalizeText
FN:126,shuffleSongs
FN:137,getMoodTokens
FN:141,(anonymous_9)
FN:145,isGenericMoodTitle
FN:176,(anonymous_11)
FN:183,(anonymous_12)
FN:186,sanitizeSongSuggestions
FN:196,(anonymous_14)
FN:200,(anonymous_15)
FN:201,(anonymous_16)
FN:202,(anonymous_17)
FN:223,getCuratedFallbackSongSuggestions
FN:235,extractTextFromMessageContent
FN:247,(anonymous_20)
FN:255,(anonymous_21)
FN:266,parseAnthropicResponse
FN:274,extractFirstJsonObject
FN:302,getAiGeneratedSongSuggestions
FN:314,(anonymous_25)
FN:317,(anonymous_26)
FN:323,(anonymous_27)
FN:412,(anonymous_28)
FN:436,generateSongSuggestions
FN:444,generateSongSuggestionsWithSource
FN:455,(anonymous_31)
FN:459,(anonymous_32)
FNF:29
FNH:24
FNDA:6,getAnthropicModelCandidates
FNDA:6,(anonymous_5)
FNDA:98,normalizeText
FNDA:8,shuffleSongs
FNDA:9,getMoodTokens
FNDA:9,(anonymous_9)
FNDA:5,isGenericMoodTitle
FNDA:5,(anonymous_11)
FNDA:5,(anonymous_12)
FNDA:9,sanitizeSongSuggestions
FNDA:5,(anonymous_14)
FNDA:5,(anonymous_15)
FNDA:5,(anonymous_16)
FNDA:5,(anonymous_17)
FNDA:9,getCuratedFallbackSongSuggestions
FNDA:5,extractTextFromMessageContent
FNDA:0,(anonymous_20)
FNDA:0,(anonymous_21)
FNDA:5,parseAnthropicResponse
FNDA:5,extractFirstJsonObject
FNDA:12,getAiGeneratedSongSuggestions
FNDA:0,(anonymous_25)
FNDA:0,(anonymous_26)
FNDA:0,(anonymous_27)
FNDA:5,(anonymous_28)
FNDA:12,generateSongSuggestions
FNDA:12,generateSongSuggestionsWithSource
FNDA:1,(anonymous_31)
FNDA:64,(anonymous_32)
DA:1,1
DA:19,1
DA:92,1
DA:96,1
DA:99,6
DA:101,6
DA:104,6
DA:115,6
DA:119,98
DA:127,8
DA:129,8
DA:130,56
DA:131,56
DA:134,8
DA:138,9
DA:141,9
DA:146,5
DA:148,5
DA:149,0
DA:152,5
DA:153,5
DA:154,0
DA:157,5
DA:175,5
DA:176,5
DA:179,5
DA:180,0
DA:183,5
DA:191,9
DA:192,9
DA:193,9
DA:195,9
DA:196,5
DA:200,5
DA:201,5
DA:203,5
DA:204,5
DA:205,5
DA:207,5
DA:213,0
DA:216,5
DA:217,5
DA:218,5
DA:224,9
DA:226,9
DA:227,23
DA:228,8
DA:232,1
DA:236,5
DA:237,4
DA:240,1
DA:241,1
DA:242,1
DA:245,0
DA:246,0
DA:247,0
DA:253,0
DA:254,0
DA:256,0
DA:257,0
DA:263,0
DA:267,5
DA:269,5
DA:275,5
DA:277,5
DA:278,0
DA:281,5
DA:282,4
DA:285,1
DA:286,1
DA:287,0
DA:288,0
DA:289,0
DA:293,1
DA:294,1
DA:295,1
DA:296,0
DA:299,1
DA:306,12
DA:307,6
DA:308,6
DA:312,6
DA:313,6
DA:314,0
DA:317,0
DA:319,6
DA:322,6
DA:323,0
DA:325,6
DA:328,6
DA:331,6
DA:335,6
DA:361,6
DA:362,6
DA:364,6
DA:365,6
DA:366,6
DA:373,5
DA:375,1
DA:377,1
DA:381,1
DA:382,0
DA:383,0
DA:386,1
DA:387,1
DA:391,5
DA:392,0
DA:393,0
DA:396,5
DA:397,5
DA:399,5
DA:400,1
DA:401,1
DA:404,4
DA:405,4
DA:407,4
DA:413,5
DA:418,3
DA:420,3
DA:421,3
DA:424,0
DA:425,0
DA:428,1
DA:430,0
DA:433,1
DA:436,12
DA:440,12
DA:441,12
DA:444,0
DA:448,12
DA:450,12
DA:451,3
DA:454,9
DA:455,1
DA:458,9
DA:459,64
DA:462,9
LF:137
LH:109
BRDA:96,0,0,1
BRDA:96,0,1,1
BRDA:99,1,0,6
BRDA:99,1,1,6
BRDA:148,2,0,0
BRDA:153,3,0,0
BRDA:176,4,0,5
BRDA:176,4,1,5
BRDA:179,5,0,0
BRDA:189,6,0,3
BRDA:200,7,0,5
BRDA:200,7,1,5
BRDA:207,8,0,0
BRDA:208,9,0,5
BRDA:208,9,1,5
BRDA:208,9,2,5
BRDA:208,9,3,5
BRDA:227,10,0,8
BRDA:236,11,0,4
BRDA:240,12,0,1
BRDA:240,13,0,1
BRDA:240,13,1,1
BRDA:241,14,0,1
BRDA:245,15,0,0
BRDA:247,16,0,0
BRDA:247,16,1,0
BRDA:247,17,0,0
BRDA:247,17,1,0
BRDA:253,18,0,0
BRDA:256,19,0,0
BRDA:257,20,0,0
BRDA:257,20,1,0
BRDA:257,21,0,0
BRDA:257,21,1,0
BRDA:267,22,0,0
BRDA:269,23,0,1
BRDA:269,23,1,4
BRDA:277,24,0,0
BRDA:281,25,0,4
BRDA:281,26,0,5
BRDA:281,26,1,4
BRDA:286,27,0,0
BRDA:286,28,0,1
BRDA:286,28,1,0
BRDA:288,29,0,0
BRDA:288,30,0,0
BRDA:288,30,1,0
BRDA:295,31,0,0
BRDA:295,32,0,1
BRDA:295,32,1,0
BRDA:304,33,0,0
BRDA:306,34,0,6
BRDA:314,35,0,6
BRDA:314,35,1,6
BRDA:319,36,0,0
BRDA:319,36,1,6
BRDA:322,37,0,0
BRDA:322,37,1,6
BRDA:325,38,0,0
BRDA:325,38,1,6
BRDA:328,39,0,0
BRDA:328,39,1,6
BRDA:331,40,0,0
BRDA:331,40,1,6
BRDA:377,41,0,1
BRDA:377,41,1,1
BRDA:377,41,2,1
BRDA:379,42,0,1
BRDA:379,42,1,0
BRDA:381,43,0,0
BRDA:391,44,0,0
BRDA:399,45,0,1
BRDA:407,46,0,3
BRDA:408,47,0,4
BRDA:408,47,1,4
BRDA:408,47,2,3
BRDA:408,47,3,3
BRDA:413,48,0,5
BRDA:413,48,1,5
BRDA:413,48,2,5
BRDA:420,49,0,3
BRDA:438,50,0,11
BRDA:446,51,0,0
BRDA:450,52,0,3
BRDA:450,53,0,12
BRDA:450,53,1,3
BRDA:455,54,0,9
BRDA:455,54,1,8
BRF:88
BRH:54
end_of_record
TN:
SF:src/lib/weatherContext.ts
FN:15,getTimeOfDay
FN:35,pickString
FN:45,pickNumber
FN:62,normalizeWeatherPayload
FN:95,buildWeatherRequestUrl
FN:107,inferWeatherBias
FN:160,fetchCurrentWeather
FN:199,buildMoodContext
FN:234,inferMoodFromWeather
FN:251,getContextAwareSearchQueries
FN:268,(anonymous_15)
FN:269,(anonymous_16)
FNF:12
FNH:12
FNDA:6,getTimeOfDay
FNDA:1,pickString
FNDA:1,pickNumber
FNDA:1,normalizeWeatherPayload
FNDA:2,buildWeatherRequestUrl
FNDA:2,inferWeatherBias
FNDA:2,fetchCurrentWeather
FNDA:2,buildMoodContext
FNDA:2,inferMoodFromWeather
FNDA:1,getContextAwareSearchQueries
FNDA:4,(anonymous_15)
FNDA:4,(anonymous_16)
DA:13,1
DA:16,6
DA:17,0
DA:20,6
DA:21,2
DA:24,4
DA:25,1
DA:28,3
DA:29,3
DA:32,0
DA:36,1
DA:37,1
DA:38,1
DA:42,0
DA:46,1
DA:47,1
DA:48,1
DA:51,0
DA:52,0
DA:53,0
DA:54,0
DA:59,0
DA:63,1
DA:64,1
DA:75,1
DA:76,0
DA:79,1
DA:88,1
DA:96,2
DA:98,2
DA:99,1
DA:102,1
DA:108,2
DA:110,2
DA:111,1
DA:112,0
DA:115,1
DA:118,1
DA:124,1
DA:127,0
DA:128,0
DA:131,0
DA:132,0
DA:135,0
DA:136,0
DA:139,0
DA:140,0
DA:141,0
DA:144,0
DA:145,0
DA:149,0
DA:150,0
DA:153,0
DA:154,0
DA:157,0
DA:160,2
DA:164,2
DA:165,2
DA:167,2
DA:168,1
DA:171,1
DA:172,1
DA:180,1
DA:181,0
DA:182,0
DA:185,1
DA:186,1
DA:188,1
DA:189,0
DA:192,1
DA:194,0
DA:195,0
DA:199,2
DA:204,2
DA:205,2
DA:207,2
DA:209,1
DA:217,1
DA:224,1
DA:225,1
DA:227,1
DA:234,2
DA:238,2
DA:239,1
DA:240,1
DA:241,1
DA:242,0
DA:243,0
DA:246,1
DA:247,1
DA:248,1
DA:251,1
DA:257,1
DA:259,1
DA:260,1
DA:261,1
DA:262,1
DA:265,1
DA:268,4
DA:269,4
LF:100
LH:67
BRDA:13,0,0,1
BRDA:13,0,1,1
BRDA:16,1,0,0
BRDA:16,2,0,6
BRDA:16,2,1,6
BRDA:20,3,0,2
BRDA:20,4,0,6
BRDA:20,4,1,6
BRDA:24,5,0,1
BRDA:24,6,0,4
BRDA:24,6,1,4
BRDA:28,7,0,3
BRDA:28,8,0,3
BRDA:28,8,1,3
BRDA:37,9,0,1
BRDA:37,10,0,1
BRDA:37,10,1,1
BRDA:47,11,0,1
BRDA:47,12,0,1
BRDA:47,12,1,1
BRDA:51,13,0,0
BRDA:53,14,0,0
BRDA:63,15,0,1
BRDA:63,15,1,1
BRDA:75,16,0,0
BRDA:91,17,0,0
BRDA:91,17,1,1
BRDA:98,18,0,1
BRDA:110,19,0,1
BRDA:110,20,0,2
BRDA:110,20,1,2
BRDA:111,21,0,0
BRDA:118,22,0,1
BRDA:119,23,0,1
BRDA:119,23,1,0
BRDA:119,23,2,0
BRDA:119,23,3,0
BRDA:127,24,0,0
BRDA:127,25,0,0
BRDA:127,25,1,0
BRDA:131,26,0,0
BRDA:135,27,0,0
BRDA:139,28,0,0
BRDA:140,29,0,0
BRDA:144,30,0,0
BRDA:149,31,0,0
BRDA:153,32,0,0
BRDA:167,33,0,1
BRDA:167,34,0,2
BRDA:167,34,1,1
BRDA:180,35,0,0
BRDA:188,36,0,0
BRDA:207,37,0,1
BRDA:209,38,0,1
BRDA:209,38,1,0
BRDA:211,39,0,0
BRDA:211,39,1,0
BRDA:213,40,0,0
BRDA:213,40,1,0
BRDA:238,41,0,1
BRDA:240,42,0,0
BRDA:241,43,0,1
BRDA:242,44,0,0
BRDA:259,45,0,1
BRF:64
BRH:36
end_of_record
